The system is: Linux - 4.15.0-33-generic - x86_64
Compiling the C compiler identification source file "CMakeCCompilerId.c" succeeded.
Compiler: /usr/bin/cc 
Build flags: 
Id flags:  

The output was:
0


Compilation of the C compiler identification source "CMakeCCompilerId.c" produced "a.out"

The C compiler identification is GNU, found in "/home/bragesk/git/PCG/FieldOpt/FieldOpt/CMakeFiles/3.8.2/CompilerIdC/a.out"

Compiling the CXX compiler identification source file "CMakeCXXCompilerId.cpp" succeeded.
Compiler: /usr/bin/c++ 
Build flags: 
Id flags:  

The output was:
0


Compilation of the CXX compiler identification source "CMakeCXXCompilerId.cpp" produced "a.out"

The CXX compiler identification is GNU, found in "/home/bragesk/git/PCG/FieldOpt/FieldOpt/CMakeFiles/3.8.2/CompilerIdCXX/a.out"

Determining if the C compiler works passed with the following output:
Change Dir: /home/bragesk/git/PCG/FieldOpt/FieldOpt/CMakeFiles/CMakeTmp

Run Build Command:"/usr/bin/make" "cmTC_e3998/fast"
/usr/bin/make -f CMakeFiles/cmTC_e3998.dir/build.make CMakeFiles/cmTC_e3998.dir/build
make[1]: Entering directory '/home/bragesk/git/PCG/FieldOpt/FieldOpt/CMakeFiles/CMakeTmp'
Building C object CMakeFiles/cmTC_e3998.dir/testCCompiler.c.o
/usr/bin/cc    -o CMakeFiles/cmTC_e3998.dir/testCCompiler.c.o   -c /home/bragesk/git/PCG/FieldOpt/FieldOpt/CMakeFiles/CMakeTmp/testCCompiler.c
Linking C executable cmTC_e3998
/home/bragesk/Downloads/clion-2017.2.4/bin/cmake/bin/cmake -E cmake_link_script CMakeFiles/cmTC_e3998.dir/link.txt --verbose=1
/usr/bin/cc      -rdynamic CMakeFiles/cmTC_e3998.dir/testCCompiler.c.o  -o cmTC_e3998 
make[1]: Leaving directory '/home/bragesk/git/PCG/FieldOpt/FieldOpt/CMakeFiles/CMakeTmp'


Detecting C compiler ABI info compiled with the following output:
Change Dir: /home/bragesk/git/PCG/FieldOpt/FieldOpt/CMakeFiles/CMakeTmp

Run Build Command:"/usr/bin/make" "cmTC_28764/fast"
/usr/bin/make -f CMakeFiles/cmTC_28764.dir/build.make CMakeFiles/cmTC_28764.dir/build
make[1]: Entering directory '/home/bragesk/git/PCG/FieldOpt/FieldOpt/CMakeFiles/CMakeTmp'
Building C object CMakeFiles/cmTC_28764.dir/CMakeCCompilerABI.c.o
/usr/bin/cc    -o CMakeFiles/cmTC_28764.dir/CMakeCCompilerABI.c.o   -c /home/bragesk/Downloads/clion-2017.2.4/bin/cmake/share/cmake-3.8/Modules/CMakeCCompilerABI.c
Linking C executable cmTC_28764
/home/bragesk/Downloads/clion-2017.2.4/bin/cmake/bin/cmake -E cmake_link_script CMakeFiles/cmTC_28764.dir/link.txt --verbose=1
/usr/bin/cc     -v -rdynamic CMakeFiles/cmTC_28764.dir/CMakeCCompilerABI.c.o  -o cmTC_28764 
Using built-in specs.
COLLECT_GCC=/usr/bin/cc
COLLECT_LTO_WRAPPER=/usr/lib/gcc/x86_64-linux-gnu/5/lto-wrapper
Target: x86_64-linux-gnu
Configured with: ../src/configure -v --with-pkgversion='Ubuntu 5.4.0-6ubuntu1~16.04.10' --with-bugurl=file:///usr/share/doc/gcc-5/README.Bugs --enable-languages=c,ada,c++,java,go,d,fortran,objc,obj-c++ --prefix=/usr --program-suffix=-5 --enable-shared --enable-linker-build-id --libexecdir=/usr/lib --without-included-gettext --enable-threads=posix --libdir=/usr/lib --enable-nls --with-sysroot=/ --enable-clocale=gnu --enable-libstdcxx-debug --enable-libstdcxx-time=yes --with-default-libstdcxx-abi=new --enable-gnu-unique-object --disable-vtable-verify --enable-libmpx --enable-plugin --with-system-zlib --disable-browser-plugin --enable-java-awt=gtk --enable-gtk-cairo --with-java-home=/usr/lib/jvm/java-1.5.0-gcj-5-amd64/jre --enable-java-home --with-jvm-root-dir=/usr/lib/jvm/java-1.5.0-gcj-5-amd64 --with-jvm-jar-dir=/usr/lib/jvm-exports/java-1.5.0-gcj-5-amd64 --with-arch-directory=amd64 --with-ecj-jar=/usr/share/java/eclipse-ecj.jar --enable-objc-gc --enable-multiarch --disable-werror --with-arch-32=i686 --with-abi=m64 --with-multilib-list=m32,m64,mx32 --enable-multilib --with-tune=generic --enable-checking=release --build=x86_64-linux-gnu --host=x86_64-linux-gnu --target=x86_64-linux-gnu
Thread model: posix
gcc version 5.4.0 20160609 (Ubuntu 5.4.0-6ubuntu1~16.04.10) 
COMPILER_PATH=/usr/lib/gcc/x86_64-linux-gnu/5/:/usr/lib/gcc/x86_64-linux-gnu/5/:/usr/lib/gcc/x86_64-linux-gnu/:/usr/lib/gcc/x86_64-linux-gnu/5/:/usr/lib/gcc/x86_64-linux-gnu/
LIBRARY_PATH=/usr/lib/gcc/x86_64-linux-gnu/5/:/usr/lib/gcc/x86_64-linux-gnu/5/../../../x86_64-linux-gnu/:/usr/lib/gcc/x86_64-linux-gnu/5/../../../../lib/:/lib/x86_64-linux-gnu/:/lib/../lib/:/usr/lib/x86_64-linux-gnu/:/usr/lib/../lib/:/usr/lib/gcc/x86_64-linux-gnu/5/../../../:/lib/:/usr/lib/
COLLECT_GCC_OPTIONS='-v' '-rdynamic' '-o' 'cmTC_28764' '-mtune=generic' '-march=x86-64'
 /usr/lib/gcc/x86_64-linux-gnu/5/collect2 -plugin /usr/lib/gcc/x86_64-linux-gnu/5/liblto_plugin.so -plugin-opt=/usr/lib/gcc/x86_64-linux-gnu/5/lto-wrapper -plugin-opt=-fresolution=/tmp/ccKQQpUV.res -plugin-opt=-pass-through=-lgcc -plugin-opt=-pass-through=-lgcc_s -plugin-opt=-pass-through=-lc -plugin-opt=-pass-through=-lgcc -plugin-opt=-pass-through=-lgcc_s --sysroot=/ --build-id --eh-frame-hdr -m elf_x86_64 --hash-style=gnu --as-needed -export-dynamic -dynamic-linker /lib64/ld-linux-x86-64.so.2 -z relro -o cmTC_28764 /usr/lib/gcc/x86_64-linux-gnu/5/../../../x86_64-linux-gnu/crt1.o /usr/lib/gcc/x86_64-linux-gnu/5/../../../x86_64-linux-gnu/crti.o /usr/lib/gcc/x86_64-linux-gnu/5/crtbegin.o -L/usr/lib/gcc/x86_64-linux-gnu/5 -L/usr/lib/gcc/x86_64-linux-gnu/5/../../../x86_64-linux-gnu -L/usr/lib/gcc/x86_64-linux-gnu/5/../../../../lib -L/lib/x86_64-linux-gnu -L/lib/../lib -L/usr/lib/x86_64-linux-gnu -L/usr/lib/../lib -L/usr/lib/gcc/x86_64-linux-gnu/5/../../.. CMakeFiles/cmTC_28764.dir/CMakeCCompilerABI.c.o -lgcc --as-needed -lgcc_s --no-as-needed -lc -lgcc --as-needed -lgcc_s --no-as-needed /usr/lib/gcc/x86_64-linux-gnu/5/crtend.o /usr/lib/gcc/x86_64-linux-gnu/5/../../../x86_64-linux-gnu/crtn.o
make[1]: Leaving directory '/home/bragesk/git/PCG/FieldOpt/FieldOpt/CMakeFiles/CMakeTmp'


Parsed C implicit link information from above output:
  link line regex: [^( *|.*[/\])(ld|([^/\]+-)?ld|collect2)[^/\]*( |$)]
  ignore line: [Change Dir: /home/bragesk/git/PCG/FieldOpt/FieldOpt/CMakeFiles/CMakeTmp]
  ignore line: []
  ignore line: [Run Build Command:"/usr/bin/make" "cmTC_28764/fast"]
  ignore line: [/usr/bin/make -f CMakeFiles/cmTC_28764.dir/build.make CMakeFiles/cmTC_28764.dir/build]
  ignore line: [make[1]: Entering directory '/home/bragesk/git/PCG/FieldOpt/FieldOpt/CMakeFiles/CMakeTmp']
  ignore line: [Building C object CMakeFiles/cmTC_28764.dir/CMakeCCompilerABI.c.o]
  ignore line: [/usr/bin/cc    -o CMakeFiles/cmTC_28764.dir/CMakeCCompilerABI.c.o   -c /home/bragesk/Downloads/clion-2017.2.4/bin/cmake/share/cmake-3.8/Modules/CMakeCCompilerABI.c]
  ignore line: [Linking C executable cmTC_28764]
  ignore line: [/home/bragesk/Downloads/clion-2017.2.4/bin/cmake/bin/cmake -E cmake_link_script CMakeFiles/cmTC_28764.dir/link.txt --verbose=1]
  ignore line: [/usr/bin/cc     -v -rdynamic CMakeFiles/cmTC_28764.dir/CMakeCCompilerABI.c.o  -o cmTC_28764 ]
  ignore line: [Using built-in specs.]
  ignore line: [COLLECT_GCC=/usr/bin/cc]
  ignore line: [COLLECT_LTO_WRAPPER=/usr/lib/gcc/x86_64-linux-gnu/5/lto-wrapper]
  ignore line: [Target: x86_64-linux-gnu]
  ignore line: [Configured with: ../src/configure -v --with-pkgversion='Ubuntu 5.4.0-6ubuntu1~16.04.10' --with-bugurl=file:///usr/share/doc/gcc-5/README.Bugs --enable-languages=c,ada,c++,java,go,d,fortran,objc,obj-c++ --prefix=/usr --program-suffix=-5 --enable-shared --enable-linker-build-id --libexecdir=/usr/lib --without-included-gettext --enable-threads=posix --libdir=/usr/lib --enable-nls --with-sysroot=/ --enable-clocale=gnu --enable-libstdcxx-debug --enable-libstdcxx-time=yes --with-default-libstdcxx-abi=new --enable-gnu-unique-object --disable-vtable-verify --enable-libmpx --enable-plugin --with-system-zlib --disable-browser-plugin --enable-java-awt=gtk --enable-gtk-cairo --with-java-home=/usr/lib/jvm/java-1.5.0-gcj-5-amd64/jre --enable-java-home --with-jvm-root-dir=/usr/lib/jvm/java-1.5.0-gcj-5-amd64 --with-jvm-jar-dir=/usr/lib/jvm-exports/java-1.5.0-gcj-5-amd64 --with-arch-directory=amd64 --with-ecj-jar=/usr/share/java/eclipse-ecj.jar --enable-objc-gc --enable-multiarch --disable-werror --with-arch-32=i686 --with-abi=m64 --with-multilib-list=m32,m64,mx32 --enable-multilib --with-tune=generic --enable-checking=release --build=x86_64-linux-gnu --host=x86_64-linux-gnu --target=x86_64-linux-gnu]
  ignore line: [Thread model: posix]
  ignore line: [gcc version 5.4.0 20160609 (Ubuntu 5.4.0-6ubuntu1~16.04.10) ]
  ignore line: [COMPILER_PATH=/usr/lib/gcc/x86_64-linux-gnu/5/:/usr/lib/gcc/x86_64-linux-gnu/5/:/usr/lib/gcc/x86_64-linux-gnu/:/usr/lib/gcc/x86_64-linux-gnu/5/:/usr/lib/gcc/x86_64-linux-gnu/]
  ignore line: [LIBRARY_PATH=/usr/lib/gcc/x86_64-linux-gnu/5/:/usr/lib/gcc/x86_64-linux-gnu/5/../../../x86_64-linux-gnu/:/usr/lib/gcc/x86_64-linux-gnu/5/../../../../lib/:/lib/x86_64-linux-gnu/:/lib/../lib/:/usr/lib/x86_64-linux-gnu/:/usr/lib/../lib/:/usr/lib/gcc/x86_64-linux-gnu/5/../../../:/lib/:/usr/lib/]
  ignore line: [COLLECT_GCC_OPTIONS='-v' '-rdynamic' '-o' 'cmTC_28764' '-mtune=generic' '-march=x86-64']
  link line: [ /usr/lib/gcc/x86_64-linux-gnu/5/collect2 -plugin /usr/lib/gcc/x86_64-linux-gnu/5/liblto_plugin.so -plugin-opt=/usr/lib/gcc/x86_64-linux-gnu/5/lto-wrapper -plugin-opt=-fresolution=/tmp/ccKQQpUV.res -plugin-opt=-pass-through=-lgcc -plugin-opt=-pass-through=-lgcc_s -plugin-opt=-pass-through=-lc -plugin-opt=-pass-through=-lgcc -plugin-opt=-pass-through=-lgcc_s --sysroot=/ --build-id --eh-frame-hdr -m elf_x86_64 --hash-style=gnu --as-needed -export-dynamic -dynamic-linker /lib64/ld-linux-x86-64.so.2 -z relro -o cmTC_28764 /usr/lib/gcc/x86_64-linux-gnu/5/../../../x86_64-linux-gnu/crt1.o /usr/lib/gcc/x86_64-linux-gnu/5/../../../x86_64-linux-gnu/crti.o /usr/lib/gcc/x86_64-linux-gnu/5/crtbegin.o -L/usr/lib/gcc/x86_64-linux-gnu/5 -L/usr/lib/gcc/x86_64-linux-gnu/5/../../../x86_64-linux-gnu -L/usr/lib/gcc/x86_64-linux-gnu/5/../../../../lib -L/lib/x86_64-linux-gnu -L/lib/../lib -L/usr/lib/x86_64-linux-gnu -L/usr/lib/../lib -L/usr/lib/gcc/x86_64-linux-gnu/5/../../.. CMakeFiles/cmTC_28764.dir/CMakeCCompilerABI.c.o -lgcc --as-needed -lgcc_s --no-as-needed -lc -lgcc --as-needed -lgcc_s --no-as-needed /usr/lib/gcc/x86_64-linux-gnu/5/crtend.o /usr/lib/gcc/x86_64-linux-gnu/5/../../../x86_64-linux-gnu/crtn.o]
    arg [/usr/lib/gcc/x86_64-linux-gnu/5/collect2] ==> ignore
    arg [-plugin] ==> ignore
    arg [/usr/lib/gcc/x86_64-linux-gnu/5/liblto_plugin.so] ==> ignore
    arg [-plugin-opt=/usr/lib/gcc/x86_64-linux-gnu/5/lto-wrapper] ==> ignore
    arg [-plugin-opt=-fresolution=/tmp/ccKQQpUV.res] ==> ignore
    arg [-plugin-opt=-pass-through=-lgcc] ==> ignore
    arg [-plugin-opt=-pass-through=-lgcc_s] ==> ignore
    arg [-plugin-opt=-pass-through=-lc] ==> ignore
    arg [-plugin-opt=-pass-through=-lgcc] ==> ignore
    arg [-plugin-opt=-pass-through=-lgcc_s] ==> ignore
    arg [--sysroot=/] ==> ignore
    arg [--build-id] ==> ignore
    arg [--eh-frame-hdr] ==> ignore
    arg [-m] ==> ignore
    arg [elf_x86_64] ==> ignore
    arg [--hash-style=gnu] ==> ignore
    arg [--as-needed] ==> ignore
    arg [-export-dynamic] ==> ignore
    arg [-dynamic-linker] ==> ignore
    arg [/lib64/ld-linux-x86-64.so.2] ==> ignore
    arg [-zrelro] ==> ignore
    arg [-o] ==> ignore
    arg [cmTC_28764] ==> ignore
    arg [/usr/lib/gcc/x86_64-linux-gnu/5/../../../x86_64-linux-gnu/crt1.o] ==> ignore
    arg [/usr/lib/gcc/x86_64-linux-gnu/5/../../../x86_64-linux-gnu/crti.o] ==> ignore
    arg [/usr/lib/gcc/x86_64-linux-gnu/5/crtbegin.o] ==> ignore
    arg [-L/usr/lib/gcc/x86_64-linux-gnu/5] ==> dir [/usr/lib/gcc/x86_64-linux-gnu/5]
    arg [-L/usr/lib/gcc/x86_64-linux-gnu/5/../../../x86_64-linux-gnu] ==> dir [/usr/lib/gcc/x86_64-linux-gnu/5/../../../x86_64-linux-gnu]
    arg [-L/usr/lib/gcc/x86_64-linux-gnu/5/../../../../lib] ==> dir [/usr/lib/gcc/x86_64-linux-gnu/5/../../../../lib]
    arg [-L/lib/x86_64-linux-gnu] ==> dir [/lib/x86_64-linux-gnu]
    arg [-L/lib/../lib] ==> dir [/lib/../lib]
    arg [-L/usr/lib/x86_64-linux-gnu] ==> dir [/usr/lib/x86_64-linux-gnu]
    arg [-L/usr/lib/../lib] ==> dir [/usr/lib/../lib]
    arg [-L/usr/lib/gcc/x86_64-linux-gnu/5/../../..] ==> dir [/usr/lib/gcc/x86_64-linux-gnu/5/../../..]
    arg [CMakeFiles/cmTC_28764.dir/CMakeCCompilerABI.c.o] ==> ignore
    arg [-lgcc] ==> lib [gcc]
    arg [--as-needed] ==> ignore
    arg [-lgcc_s] ==> lib [gcc_s]
    arg [--no-as-needed] ==> ignore
    arg [-lc] ==> lib [c]
    arg [-lgcc] ==> lib [gcc]
    arg [--as-needed] ==> ignore
    arg [-lgcc_s] ==> lib [gcc_s]
    arg [--no-as-needed] ==> ignore
    arg [/usr/lib/gcc/x86_64-linux-gnu/5/crtend.o] ==> ignore
    arg [/usr/lib/gcc/x86_64-linux-gnu/5/../../../x86_64-linux-gnu/crtn.o] ==> ignore
  remove lib [gcc]
  remove lib [gcc_s]
  remove lib [gcc]
  remove lib [gcc_s]
  collapse library dir [/usr/lib/gcc/x86_64-linux-gnu/5] ==> [/usr/lib/gcc/x86_64-linux-gnu/5]
  collapse library dir [/usr/lib/gcc/x86_64-linux-gnu/5/../../../x86_64-linux-gnu] ==> [/usr/lib/x86_64-linux-gnu]
  collapse library dir [/usr/lib/gcc/x86_64-linux-gnu/5/../../../../lib] ==> [/usr/lib]
  collapse library dir [/lib/x86_64-linux-gnu] ==> [/lib/x86_64-linux-gnu]
  collapse library dir [/lib/../lib] ==> [/lib]
  collapse library dir [/usr/lib/x86_64-linux-gnu] ==> [/usr/lib/x86_64-linux-gnu]
  collapse library dir [/usr/lib/../lib] ==> [/usr/lib]
  collapse library dir [/usr/lib/gcc/x86_64-linux-gnu/5/../../..] ==> [/usr/lib]
  implicit libs: [c]
  implicit dirs: [/usr/lib/gcc/x86_64-linux-gnu/5;/usr/lib/x86_64-linux-gnu;/usr/lib;/lib/x86_64-linux-gnu;/lib]
  implicit fwks: []




Detecting C [-std=c11] compiler features compiled with the following output:
Change Dir: /home/bragesk/git/PCG/FieldOpt/FieldOpt/CMakeFiles/CMakeTmp

Run Build Command:"/usr/bin/make" "cmTC_9e167/fast"
/usr/bin/make -f CMakeFiles/cmTC_9e167.dir/build.make CMakeFiles/cmTC_9e167.dir/build
make[1]: Entering directory '/home/bragesk/git/PCG/FieldOpt/FieldOpt/CMakeFiles/CMakeTmp'
Building C object CMakeFiles/cmTC_9e167.dir/feature_tests.c.o
/usr/bin/cc   -std=c11 -o CMakeFiles/cmTC_9e167.dir/feature_tests.c.o   -c /home/bragesk/git/PCG/FieldOpt/FieldOpt/CMakeFiles/feature_tests.c
Linking C executable cmTC_9e167
/home/bragesk/Downloads/clion-2017.2.4/bin/cmake/bin/cmake -E cmake_link_script CMakeFiles/cmTC_9e167.dir/link.txt --verbose=1
/usr/bin/cc      -rdynamic CMakeFiles/cmTC_9e167.dir/feature_tests.c.o  -o cmTC_9e167 
make[1]: Leaving directory '/home/bragesk/git/PCG/FieldOpt/FieldOpt/CMakeFiles/CMakeTmp'


    Feature record: C_FEATURE:1c_function_prototypes
    Feature record: C_FEATURE:1c_restrict
    Feature record: C_FEATURE:1c_static_assert
    Feature record: C_FEATURE:1c_variadic_macros


Detecting C [-std=c99] compiler features compiled with the following output:
Change Dir: /home/bragesk/git/PCG/FieldOpt/FieldOpt/CMakeFiles/CMakeTmp

Run Build Command:"/usr/bin/make" "cmTC_57574/fast"
/usr/bin/make -f CMakeFiles/cmTC_57574.dir/build.make CMakeFiles/cmTC_57574.dir/build
make[1]: Entering directory '/home/bragesk/git/PCG/FieldOpt/FieldOpt/CMakeFiles/CMakeTmp'
Building C object CMakeFiles/cmTC_57574.dir/feature_tests.c.o
/usr/bin/cc   -std=c99 -o CMakeFiles/cmTC_57574.dir/feature_tests.c.o   -c /home/bragesk/git/PCG/FieldOpt/FieldOpt/CMakeFiles/feature_tests.c
Linking C executable cmTC_57574
/home/bragesk/Downloads/clion-2017.2.4/bin/cmake/bin/cmake -E cmake_link_script CMakeFiles/cmTC_57574.dir/link.txt --verbose=1
/usr/bin/cc      -rdynamic CMakeFiles/cmTC_57574.dir/feature_tests.c.o  -o cmTC_57574 
make[1]: Leaving directory '/home/bragesk/git/PCG/FieldOpt/FieldOpt/CMakeFiles/CMakeTmp'


    Feature record: C_FEATURE:1c_function_prototypes
    Feature record: C_FEATURE:1c_restrict
    Feature record: C_FEATURE:0c_static_assert
    Feature record: C_FEATURE:1c_variadic_macros


Detecting C [-std=c90] compiler features compiled with the following output:
Change Dir: /home/bragesk/git/PCG/FieldOpt/FieldOpt/CMakeFiles/CMakeTmp

Run Build Command:"/usr/bin/make" "cmTC_02023/fast"
/usr/bin/make -f CMakeFiles/cmTC_02023.dir/build.make CMakeFiles/cmTC_02023.dir/build
make[1]: Entering directory '/home/bragesk/git/PCG/FieldOpt/FieldOpt/CMakeFiles/CMakeTmp'
Building C object CMakeFiles/cmTC_02023.dir/feature_tests.c.o
/usr/bin/cc   -std=c90 -o CMakeFiles/cmTC_02023.dir/feature_tests.c.o   -c /home/bragesk/git/PCG/FieldOpt/FieldOpt/CMakeFiles/feature_tests.c
Linking C executable cmTC_02023
/home/bragesk/Downloads/clion-2017.2.4/bin/cmake/bin/cmake -E cmake_link_script CMakeFiles/cmTC_02023.dir/link.txt --verbose=1
/usr/bin/cc      -rdynamic CMakeFiles/cmTC_02023.dir/feature_tests.c.o  -o cmTC_02023 
make[1]: Leaving directory '/home/bragesk/git/PCG/FieldOpt/FieldOpt/CMakeFiles/CMakeTmp'


    Feature record: C_FEATURE:1c_function_prototypes
    Feature record: C_FEATURE:0c_restrict
    Feature record: C_FEATURE:0c_static_assert
    Feature record: C_FEATURE:0c_variadic_macros
Determining if the CXX compiler works passed with the following output:
Change Dir: /home/bragesk/git/PCG/FieldOpt/FieldOpt/CMakeFiles/CMakeTmp

Run Build Command:"/usr/bin/make" "cmTC_3ea1d/fast"
/usr/bin/make -f CMakeFiles/cmTC_3ea1d.dir/build.make CMakeFiles/cmTC_3ea1d.dir/build
make[1]: Entering directory '/home/bragesk/git/PCG/FieldOpt/FieldOpt/CMakeFiles/CMakeTmp'
Building CXX object CMakeFiles/cmTC_3ea1d.dir/testCXXCompiler.cxx.o
/usr/bin/c++     -o CMakeFiles/cmTC_3ea1d.dir/testCXXCompiler.cxx.o -c /home/bragesk/git/PCG/FieldOpt/FieldOpt/CMakeFiles/CMakeTmp/testCXXCompiler.cxx
Linking CXX executable cmTC_3ea1d
/home/bragesk/Downloads/clion-2017.2.4/bin/cmake/bin/cmake -E cmake_link_script CMakeFiles/cmTC_3ea1d.dir/link.txt --verbose=1
/usr/bin/c++       -rdynamic CMakeFiles/cmTC_3ea1d.dir/testCXXCompiler.cxx.o  -o cmTC_3ea1d 
make[1]: Leaving directory '/home/bragesk/git/PCG/FieldOpt/FieldOpt/CMakeFiles/CMakeTmp'


Detecting CXX compiler ABI info compiled with the following output:
Change Dir: /home/bragesk/git/PCG/FieldOpt/FieldOpt/CMakeFiles/CMakeTmp

Run Build Command:"/usr/bin/make" "cmTC_f1685/fast"
/usr/bin/make -f CMakeFiles/cmTC_f1685.dir/build.make CMakeFiles/cmTC_f1685.dir/build
make[1]: Entering directory '/home/bragesk/git/PCG/FieldOpt/FieldOpt/CMakeFiles/CMakeTmp'
Building CXX object CMakeFiles/cmTC_f1685.dir/CMakeCXXCompilerABI.cpp.o
/usr/bin/c++     -o CMakeFiles/cmTC_f1685.dir/CMakeCXXCompilerABI.cpp.o -c /home/bragesk/Downloads/clion-2017.2.4/bin/cmake/share/cmake-3.8/Modules/CMakeCXXCompilerABI.cpp
Linking CXX executable cmTC_f1685
/home/bragesk/Downloads/clion-2017.2.4/bin/cmake/bin/cmake -E cmake_link_script CMakeFiles/cmTC_f1685.dir/link.txt --verbose=1
/usr/bin/c++      -v -rdynamic CMakeFiles/cmTC_f1685.dir/CMakeCXXCompilerABI.cpp.o  -o cmTC_f1685 
Using built-in specs.
COLLECT_GCC=/usr/bin/c++
COLLECT_LTO_WRAPPER=/usr/lib/gcc/x86_64-linux-gnu/5/lto-wrapper
Target: x86_64-linux-gnu
Configured with: ../src/configure -v --with-pkgversion='Ubuntu 5.4.0-6ubuntu1~16.04.10' --with-bugurl=file:///usr/share/doc/gcc-5/README.Bugs --enable-languages=c,ada,c++,java,go,d,fortran,objc,obj-c++ --prefix=/usr --program-suffix=-5 --enable-shared --enable-linker-build-id --libexecdir=/usr/lib --without-included-gettext --enable-threads=posix --libdir=/usr/lib --enable-nls --with-sysroot=/ --enable-clocale=gnu --enable-libstdcxx-debug --enable-libstdcxx-time=yes --with-default-libstdcxx-abi=new --enable-gnu-unique-object --disable-vtable-verify --enable-libmpx --enable-plugin --with-system-zlib --disable-browser-plugin --enable-java-awt=gtk --enable-gtk-cairo --with-java-home=/usr/lib/jvm/java-1.5.0-gcj-5-amd64/jre --enable-java-home --with-jvm-root-dir=/usr/lib/jvm/java-1.5.0-gcj-5-amd64 --with-jvm-jar-dir=/usr/lib/jvm-exports/java-1.5.0-gcj-5-amd64 --with-arch-directory=amd64 --with-ecj-jar=/usr/share/java/eclipse-ecj.jar --enable-objc-gc --enable-multiarch --disable-werror --with-arch-32=i686 --with-abi=m64 --with-multilib-list=m32,m64,mx32 --enable-multilib --with-tune=generic --enable-checking=release --build=x86_64-linux-gnu --host=x86_64-linux-gnu --target=x86_64-linux-gnu
Thread model: posix
gcc version 5.4.0 20160609 (Ubuntu 5.4.0-6ubuntu1~16.04.10) 
COMPILER_PATH=/usr/lib/gcc/x86_64-linux-gnu/5/:/usr/lib/gcc/x86_64-linux-gnu/5/:/usr/lib/gcc/x86_64-linux-gnu/:/usr/lib/gcc/x86_64-linux-gnu/5/:/usr/lib/gcc/x86_64-linux-gnu/
LIBRARY_PATH=/usr/lib/gcc/x86_64-linux-gnu/5/:/usr/lib/gcc/x86_64-linux-gnu/5/../../../x86_64-linux-gnu/:/usr/lib/gcc/x86_64-linux-gnu/5/../../../../lib/:/lib/x86_64-linux-gnu/:/lib/../lib/:/usr/lib/x86_64-linux-gnu/:/usr/lib/../lib/:/usr/lib/gcc/x86_64-linux-gnu/5/../../../:/lib/:/usr/lib/
COLLECT_GCC_OPTIONS='-v' '-rdynamic' '-o' 'cmTC_f1685' '-shared-libgcc' '-mtune=generic' '-march=x86-64'
 /usr/lib/gcc/x86_64-linux-gnu/5/collect2 -plugin /usr/lib/gcc/x86_64-linux-gnu/5/liblto_plugin.so -plugin-opt=/usr/lib/gcc/x86_64-linux-gnu/5/lto-wrapper -plugin-opt=-fresolution=/tmp/ccriffuR.res -plugin-opt=-pass-through=-lgcc_s -plugin-opt=-pass-through=-lgcc -plugin-opt=-pass-through=-lc -plugin-opt=-pass-through=-lgcc_s -plugin-opt=-pass-through=-lgcc --sysroot=/ --build-id --eh-frame-hdr -m elf_x86_64 --hash-style=gnu --as-needed -export-dynamic -dynamic-linker /lib64/ld-linux-x86-64.so.2 -z relro -o cmTC_f1685 /usr/lib/gcc/x86_64-linux-gnu/5/../../../x86_64-linux-gnu/crt1.o /usr/lib/gcc/x86_64-linux-gnu/5/../../../x86_64-linux-gnu/crti.o /usr/lib/gcc/x86_64-linux-gnu/5/crtbegin.o -L/usr/lib/gcc/x86_64-linux-gnu/5 -L/usr/lib/gcc/x86_64-linux-gnu/5/../../../x86_64-linux-gnu -L/usr/lib/gcc/x86_64-linux-gnu/5/../../../../lib -L/lib/x86_64-linux-gnu -L/lib/../lib -L/usr/lib/x86_64-linux-gnu -L/usr/lib/../lib -L/usr/lib/gcc/x86_64-linux-gnu/5/../../.. CMakeFiles/cmTC_f1685.dir/CMakeCXXCompilerABI.cpp.o -lstdc++ -lm -lgcc_s -lgcc -lc -lgcc_s -lgcc /usr/lib/gcc/x86_64-linux-gnu/5/crtend.o /usr/lib/gcc/x86_64-linux-gnu/5/../../../x86_64-linux-gnu/crtn.o
make[1]: Leaving directory '/home/bragesk/git/PCG/FieldOpt/FieldOpt/CMakeFiles/CMakeTmp'


Parsed CXX implicit link information from above output:
  link line regex: [^( *|.*[/\])(ld|([^/\]+-)?ld|collect2)[^/\]*( |$)]
  ignore line: [Change Dir: /home/bragesk/git/PCG/FieldOpt/FieldOpt/CMakeFiles/CMakeTmp]
  ignore line: []
  ignore line: [Run Build Command:"/usr/bin/make" "cmTC_f1685/fast"]
  ignore line: [/usr/bin/make -f CMakeFiles/cmTC_f1685.dir/build.make CMakeFiles/cmTC_f1685.dir/build]
  ignore line: [make[1]: Entering directory '/home/bragesk/git/PCG/FieldOpt/FieldOpt/CMakeFiles/CMakeTmp']
  ignore line: [Building CXX object CMakeFiles/cmTC_f1685.dir/CMakeCXXCompilerABI.cpp.o]
  ignore line: [/usr/bin/c++     -o CMakeFiles/cmTC_f1685.dir/CMakeCXXCompilerABI.cpp.o -c /home/bragesk/Downloads/clion-2017.2.4/bin/cmake/share/cmake-3.8/Modules/CMakeCXXCompilerABI.cpp]
  ignore line: [Linking CXX executable cmTC_f1685]
  ignore line: [/home/bragesk/Downloads/clion-2017.2.4/bin/cmake/bin/cmake -E cmake_link_script CMakeFiles/cmTC_f1685.dir/link.txt --verbose=1]
  ignore line: [/usr/bin/c++      -v -rdynamic CMakeFiles/cmTC_f1685.dir/CMakeCXXCompilerABI.cpp.o  -o cmTC_f1685 ]
  ignore line: [Using built-in specs.]
  ignore line: [COLLECT_GCC=/usr/bin/c++]
  ignore line: [COLLECT_LTO_WRAPPER=/usr/lib/gcc/x86_64-linux-gnu/5/lto-wrapper]
  ignore line: [Target: x86_64-linux-gnu]
  ignore line: [Configured with: ../src/configure -v --with-pkgversion='Ubuntu 5.4.0-6ubuntu1~16.04.10' --with-bugurl=file:///usr/share/doc/gcc-5/README.Bugs --enable-languages=c,ada,c++,java,go,d,fortran,objc,obj-c++ --prefix=/usr --program-suffix=-5 --enable-shared --enable-linker-build-id --libexecdir=/usr/lib --without-included-gettext --enable-threads=posix --libdir=/usr/lib --enable-nls --with-sysroot=/ --enable-clocale=gnu --enable-libstdcxx-debug --enable-libstdcxx-time=yes --with-default-libstdcxx-abi=new --enable-gnu-unique-object --disable-vtable-verify --enable-libmpx --enable-plugin --with-system-zlib --disable-browser-plugin --enable-java-awt=gtk --enable-gtk-cairo --with-java-home=/usr/lib/jvm/java-1.5.0-gcj-5-amd64/jre --enable-java-home --with-jvm-root-dir=/usr/lib/jvm/java-1.5.0-gcj-5-amd64 --with-jvm-jar-dir=/usr/lib/jvm-exports/java-1.5.0-gcj-5-amd64 --with-arch-directory=amd64 --with-ecj-jar=/usr/share/java/eclipse-ecj.jar --enable-objc-gc --enable-multiarch --disable-werror --with-arch-32=i686 --with-abi=m64 --with-multilib-list=m32,m64,mx32 --enable-multilib --with-tune=generic --enable-checking=release --build=x86_64-linux-gnu --host=x86_64-linux-gnu --target=x86_64-linux-gnu]
  ignore line: [Thread model: posix]
  ignore line: [gcc version 5.4.0 20160609 (Ubuntu 5.4.0-6ubuntu1~16.04.10) ]
  ignore line: [COMPILER_PATH=/usr/lib/gcc/x86_64-linux-gnu/5/:/usr/lib/gcc/x86_64-linux-gnu/5/:/usr/lib/gcc/x86_64-linux-gnu/:/usr/lib/gcc/x86_64-linux-gnu/5/:/usr/lib/gcc/x86_64-linux-gnu/]
  ignore line: [LIBRARY_PATH=/usr/lib/gcc/x86_64-linux-gnu/5/:/usr/lib/gcc/x86_64-linux-gnu/5/../../../x86_64-linux-gnu/:/usr/lib/gcc/x86_64-linux-gnu/5/../../../../lib/:/lib/x86_64-linux-gnu/:/lib/../lib/:/usr/lib/x86_64-linux-gnu/:/usr/lib/../lib/:/usr/lib/gcc/x86_64-linux-gnu/5/../../../:/lib/:/usr/lib/]
  ignore line: [COLLECT_GCC_OPTIONS='-v' '-rdynamic' '-o' 'cmTC_f1685' '-shared-libgcc' '-mtune=generic' '-march=x86-64']
  link line: [ /usr/lib/gcc/x86_64-linux-gnu/5/collect2 -plugin /usr/lib/gcc/x86_64-linux-gnu/5/liblto_plugin.so -plugin-opt=/usr/lib/gcc/x86_64-linux-gnu/5/lto-wrapper -plugin-opt=-fresolution=/tmp/ccriffuR.res -plugin-opt=-pass-through=-lgcc_s -plugin-opt=-pass-through=-lgcc -plugin-opt=-pass-through=-lc -plugin-opt=-pass-through=-lgcc_s -plugin-opt=-pass-through=-lgcc --sysroot=/ --build-id --eh-frame-hdr -m elf_x86_64 --hash-style=gnu --as-needed -export-dynamic -dynamic-linker /lib64/ld-linux-x86-64.so.2 -z relro -o cmTC_f1685 /usr/lib/gcc/x86_64-linux-gnu/5/../../../x86_64-linux-gnu/crt1.o /usr/lib/gcc/x86_64-linux-gnu/5/../../../x86_64-linux-gnu/crti.o /usr/lib/gcc/x86_64-linux-gnu/5/crtbegin.o -L/usr/lib/gcc/x86_64-linux-gnu/5 -L/usr/lib/gcc/x86_64-linux-gnu/5/../../../x86_64-linux-gnu -L/usr/lib/gcc/x86_64-linux-gnu/5/../../../../lib -L/lib/x86_64-linux-gnu -L/lib/../lib -L/usr/lib/x86_64-linux-gnu -L/usr/lib/../lib -L/usr/lib/gcc/x86_64-linux-gnu/5/../../.. CMakeFiles/cmTC_f1685.dir/CMakeCXXCompilerABI.cpp.o -lstdc++ -lm -lgcc_s -lgcc -lc -lgcc_s -lgcc /usr/lib/gcc/x86_64-linux-gnu/5/crtend.o /usr/lib/gcc/x86_64-linux-gnu/5/../../../x86_64-linux-gnu/crtn.o]
    arg [/usr/lib/gcc/x86_64-linux-gnu/5/collect2] ==> ignore
    arg [-plugin] ==> ignore
    arg [/usr/lib/gcc/x86_64-linux-gnu/5/liblto_plugin.so] ==> ignore
    arg [-plugin-opt=/usr/lib/gcc/x86_64-linux-gnu/5/lto-wrapper] ==> ignore
    arg [-plugin-opt=-fresolution=/tmp/ccriffuR.res] ==> ignore
    arg [-plugin-opt=-pass-through=-lgcc_s] ==> ignore
    arg [-plugin-opt=-pass-through=-lgcc] ==> ignore
    arg [-plugin-opt=-pass-through=-lc] ==> ignore
    arg [-plugin-opt=-pass-through=-lgcc_s] ==> ignore
    arg [-plugin-opt=-pass-through=-lgcc] ==> ignore
    arg [--sysroot=/] ==> ignore
    arg [--build-id] ==> ignore
    arg [--eh-frame-hdr] ==> ignore
    arg [-m] ==> ignore
    arg [elf_x86_64] ==> ignore
    arg [--hash-style=gnu] ==> ignore
    arg [--as-needed] ==> ignore
    arg [-export-dynamic] ==> ignore
    arg [-dynamic-linker] ==> ignore
    arg [/lib64/ld-linux-x86-64.so.2] ==> ignore
    arg [-zrelro] ==> ignore
    arg [-o] ==> ignore
    arg [cmTC_f1685] ==> ignore
    arg [/usr/lib/gcc/x86_64-linux-gnu/5/../../../x86_64-linux-gnu/crt1.o] ==> ignore
    arg [/usr/lib/gcc/x86_64-linux-gnu/5/../../../x86_64-linux-gnu/crti.o] ==> ignore
    arg [/usr/lib/gcc/x86_64-linux-gnu/5/crtbegin.o] ==> ignore
    arg [-L/usr/lib/gcc/x86_64-linux-gnu/5] ==> dir [/usr/lib/gcc/x86_64-linux-gnu/5]
    arg [-L/usr/lib/gcc/x86_64-linux-gnu/5/../../../x86_64-linux-gnu] ==> dir [/usr/lib/gcc/x86_64-linux-gnu/5/../../../x86_64-linux-gnu]
    arg [-L/usr/lib/gcc/x86_64-linux-gnu/5/../../../../lib] ==> dir [/usr/lib/gcc/x86_64-linux-gnu/5/../../../../lib]
    arg [-L/lib/x86_64-linux-gnu] ==> dir [/lib/x86_64-linux-gnu]
    arg [-L/lib/../lib] ==> dir [/lib/../lib]
    arg [-L/usr/lib/x86_64-linux-gnu] ==> dir [/usr/lib/x86_64-linux-gnu]
    arg [-L/usr/lib/../lib] ==> dir [/usr/lib/../lib]
    arg [-L/usr/lib/gcc/x86_64-linux-gnu/5/../../..] ==> dir [/usr/lib/gcc/x86_64-linux-gnu/5/../../..]
    arg [CMakeFiles/cmTC_f1685.dir/CMakeCXXCompilerABI.cpp.o] ==> ignore
    arg [-lstdc++] ==> lib [stdc++]
    arg [-lm] ==> lib [m]
    arg [-lgcc_s] ==> lib [gcc_s]
    arg [-lgcc] ==> lib [gcc]
    arg [-lc] ==> lib [c]
    arg [-lgcc_s] ==> lib [gcc_s]
    arg [-lgcc] ==> lib [gcc]
    arg [/usr/lib/gcc/x86_64-linux-gnu/5/crtend.o] ==> ignore
    arg [/usr/lib/gcc/x86_64-linux-gnu/5/../../../x86_64-linux-gnu/crtn.o] ==> ignore
  remove lib [gcc_s]
  remove lib [gcc]
  remove lib [gcc_s]
  remove lib [gcc]
  collapse library dir [/usr/lib/gcc/x86_64-linux-gnu/5] ==> [/usr/lib/gcc/x86_64-linux-gnu/5]
  collapse library dir [/usr/lib/gcc/x86_64-linux-gnu/5/../../../x86_64-linux-gnu] ==> [/usr/lib/x86_64-linux-gnu]
  collapse library dir [/usr/lib/gcc/x86_64-linux-gnu/5/../../../../lib] ==> [/usr/lib]
  collapse library dir [/lib/x86_64-linux-gnu] ==> [/lib/x86_64-linux-gnu]
  collapse library dir [/lib/../lib] ==> [/lib]
  collapse library dir [/usr/lib/x86_64-linux-gnu] ==> [/usr/lib/x86_64-linux-gnu]
  collapse library dir [/usr/lib/../lib] ==> [/usr/lib]
  collapse library dir [/usr/lib/gcc/x86_64-linux-gnu/5/../../..] ==> [/usr/lib]
  implicit libs: [stdc++;m;c]
  implicit dirs: [/usr/lib/gcc/x86_64-linux-gnu/5;/usr/lib/x86_64-linux-gnu;/usr/lib;/lib/x86_64-linux-gnu;/lib]
  implicit fwks: []




Detecting CXX [-std=c++1z] compiler features compiled with the following output:
Change Dir: /home/bragesk/git/PCG/FieldOpt/FieldOpt/CMakeFiles/CMakeTmp

Run Build Command:"/usr/bin/make" "cmTC_acd73/fast"
/usr/bin/make -f CMakeFiles/cmTC_acd73.dir/build.make CMakeFiles/cmTC_acd73.dir/build
make[1]: Entering directory '/home/bragesk/git/PCG/FieldOpt/FieldOpt/CMakeFiles/CMakeTmp'
Building CXX object CMakeFiles/cmTC_acd73.dir/feature_tests.cxx.o
/usr/bin/c++    -std=c++1z -o CMakeFiles/cmTC_acd73.dir/feature_tests.cxx.o -c /home/bragesk/git/PCG/FieldOpt/FieldOpt/CMakeFiles/feature_tests.cxx
Linking CXX executable cmTC_acd73
/home/bragesk/Downloads/clion-2017.2.4/bin/cmake/bin/cmake -E cmake_link_script CMakeFiles/cmTC_acd73.dir/link.txt --verbose=1
/usr/bin/c++       -rdynamic CMakeFiles/cmTC_acd73.dir/feature_tests.cxx.o  -o cmTC_acd73 
make[1]: Leaving directory '/home/bragesk/git/PCG/FieldOpt/FieldOpt/CMakeFiles/CMakeTmp'


    Feature record: CXX_FEATURE:1cxx_aggregate_default_initializers
    Feature record: CXX_FEATURE:1cxx_alias_templates
    Feature record: CXX_FEATURE:1cxx_alignas
    Feature record: CXX_FEATURE:1cxx_alignof
    Feature record: CXX_FEATURE:1cxx_attributes
    Feature record: CXX_FEATURE:1cxx_attribute_deprecated
    Feature record: CXX_FEATURE:1cxx_auto_type
    Feature record: CXX_FEATURE:1cxx_binary_literals
    Feature record: CXX_FEATURE:1cxx_constexpr
    Feature record: CXX_FEATURE:1cxx_contextual_conversions
    Feature record: CXX_FEATURE:1cxx_decltype
    Feature record: CXX_FEATURE:1cxx_decltype_auto
    Feature record: CXX_FEATURE:1cxx_decltype_incomplete_return_types
    Feature record: CXX_FEATURE:1cxx_default_function_template_args
    Feature record: CXX_FEATURE:1cxx_defaulted_functions
    Feature record: CXX_FEATURE:1cxx_defaulted_move_initializers
    Feature record: CXX_FEATURE:1cxx_delegating_constructors
    Feature record: CXX_FEATURE:1cxx_deleted_functions
    Feature record: CXX_FEATURE:1cxx_digit_separators
    Feature record: CXX_FEATURE:1cxx_enum_forward_declarations
    Feature record: CXX_FEATURE:1cxx_explicit_conversions
    Feature record: CXX_FEATURE:1cxx_extended_friend_declarations
    Feature record: CXX_FEATURE:1cxx_extern_templates
    Feature record: CXX_FEATURE:1cxx_final
    Feature record: CXX_FEATURE:1cxx_func_identifier
    Feature record: CXX_FEATURE:1cxx_generalized_initializers
    Feature record: CXX_FEATURE:1cxx_generic_lambdas
    Feature record: CXX_FEATURE:1cxx_inheriting_constructors
    Feature record: CXX_FEATURE:1cxx_inline_namespaces
    Feature record: CXX_FEATURE:1cxx_lambdas
    Feature record: CXX_FEATURE:1cxx_lambda_init_captures
    Feature record: CXX_FEATURE:1cxx_local_type_template_args
    Feature record: CXX_FEATURE:1cxx_long_long_type
    Feature record: CXX_FEATURE:1cxx_noexcept
    Feature record: CXX_FEATURE:1cxx_nonstatic_member_init
    Feature record: CXX_FEATURE:1cxx_nullptr
    Feature record: CXX_FEATURE:1cxx_override
    Feature record: CXX_FEATURE:1cxx_range_for
    Feature record: CXX_FEATURE:1cxx_raw_string_literals
    Feature record: CXX_FEATURE:1cxx_reference_qualified_functions
    Feature record: CXX_FEATURE:1cxx_relaxed_constexpr
    Feature record: CXX_FEATURE:1cxx_return_type_deduction
    Feature record: CXX_FEATURE:1cxx_right_angle_brackets
    Feature record: CXX_FEATURE:1cxx_rvalue_references
    Feature record: CXX_FEATURE:1cxx_sizeof_member
    Feature record: CXX_FEATURE:1cxx_static_assert
    Feature record: CXX_FEATURE:1cxx_strong_enums
    Feature record: CXX_FEATURE:1cxx_template_template_parameters
    Feature record: CXX_FEATURE:1cxx_thread_local
    Feature record: CXX_FEATURE:1cxx_trailing_return_types
    Feature record: CXX_FEATURE:1cxx_unicode_literals
    Feature record: CXX_FEATURE:1cxx_uniform_initialization
    Feature record: CXX_FEATURE:1cxx_unrestricted_unions
    Feature record: CXX_FEATURE:1cxx_user_literals
    Feature record: CXX_FEATURE:1cxx_variable_templates
    Feature record: CXX_FEATURE:1cxx_variadic_macros
    Feature record: CXX_FEATURE:1cxx_variadic_templates


Detecting CXX [-std=c++14] compiler features compiled with the following output:
Change Dir: /home/bragesk/git/PCG/FieldOpt/FieldOpt/CMakeFiles/CMakeTmp

Run Build Command:"/usr/bin/make" "cmTC_2a64d/fast"
/usr/bin/make -f CMakeFiles/cmTC_2a64d.dir/build.make CMakeFiles/cmTC_2a64d.dir/build
make[1]: Entering directory '/home/bragesk/git/PCG/FieldOpt/FieldOpt/CMakeFiles/CMakeTmp'
Building CXX object CMakeFiles/cmTC_2a64d.dir/feature_tests.cxx.o
/usr/bin/c++    -std=c++14 -o CMakeFiles/cmTC_2a64d.dir/feature_tests.cxx.o -c /home/bragesk/git/PCG/FieldOpt/FieldOpt/CMakeFiles/feature_tests.cxx
Linking CXX executable cmTC_2a64d
/home/bragesk/Downloads/clion-2017.2.4/bin/cmake/bin/cmake -E cmake_link_script CMakeFiles/cmTC_2a64d.dir/link.txt --verbose=1
/usr/bin/c++       -rdynamic CMakeFiles/cmTC_2a64d.dir/feature_tests.cxx.o  -o cmTC_2a64d 
make[1]: Leaving directory '/home/bragesk/git/PCG/FieldOpt/FieldOpt/CMakeFiles/CMakeTmp'


    Feature record: CXX_FEATURE:1cxx_aggregate_default_initializers
    Feature record: CXX_FEATURE:1cxx_alias_templates
    Feature record: CXX_FEATURE:1cxx_alignas
    Feature record: CXX_FEATURE:1cxx_alignof
    Feature record: CXX_FEATURE:1cxx_attributes
    Feature record: CXX_FEATURE:1cxx_attribute_deprecated
    Feature record: CXX_FEATURE:1cxx_auto_type
    Feature record: CXX_FEATURE:1cxx_binary_literals
    Feature record: CXX_FEATURE:1cxx_constexpr
    Feature record: CXX_FEATURE:1cxx_contextual_conversions
    Feature record: CXX_FEATURE:1cxx_decltype
    Feature record: CXX_FEATURE:1cxx_decltype_auto
    Feature record: CXX_FEATURE:1cxx_decltype_incomplete_return_types
    Feature record: CXX_FEATURE:1cxx_default_function_template_args
    Feature record: CXX_FEATURE:1cxx_defaulted_functions
    Feature record: CXX_FEATURE:1cxx_defaulted_move_initializers
    Feature record: CXX_FEATURE:1cxx_delegating_constructors
    Feature record: CXX_FEATURE:1cxx_deleted_functions
    Feature record: CXX_FEATURE:1cxx_digit_separators
    Feature record: CXX_FEATURE:1cxx_enum_forward_declarations
    Feature record: CXX_FEATURE:1cxx_explicit_conversions
    Feature record: CXX_FEATURE:1cxx_extended_friend_declarations
    Feature record: CXX_FEATURE:1cxx_extern_templates
    Feature record: CXX_FEATURE:1cxx_final
    Feature record: CXX_FEATURE:1cxx_func_identifier
    Feature record: CXX_FEATURE:1cxx_generalized_initializers
    Feature record: CXX_FEATURE:1cxx_generic_lambdas
    Feature record: CXX_FEATURE:1cxx_inheriting_constructors
    Feature record: CXX_FEATURE:1cxx_inline_namespaces
    Feature record: CXX_FEATURE:1cxx_lambdas
    Feature record: CXX_FEATURE:1cxx_lambda_init_captures
    Feature record: CXX_FEATURE:1cxx_local_type_template_args
    Feature record: CXX_FEATURE:1cxx_long_long_type
    Feature record: CXX_FEATURE:1cxx_noexcept
    Feature record: CXX_FEATURE:1cxx_nonstatic_member_init
    Feature record: CXX_FEATURE:1cxx_nullptr
    Feature record: CXX_FEATURE:1cxx_override
    Feature record: CXX_FEATURE:1cxx_range_for
    Feature record: CXX_FEATURE:1cxx_raw_string_literals
    Feature record: CXX_FEATURE:1cxx_reference_qualified_functions
    Feature record: CXX_FEATURE:1cxx_relaxed_constexpr
    Feature record: CXX_FEATURE:1cxx_return_type_deduction
    Feature record: CXX_FEATURE:1cxx_right_angle_brackets
    Feature record: CXX_FEATURE:1cxx_rvalue_references
    Feature record: CXX_FEATURE:1cxx_sizeof_member
    Feature record: CXX_FEATURE:1cxx_static_assert
    Feature record: CXX_FEATURE:1cxx_strong_enums
    Feature record: CXX_FEATURE:1cxx_template_template_parameters
    Feature record: CXX_FEATURE:1cxx_thread_local
    Feature record: CXX_FEATURE:1cxx_trailing_return_types
    Feature record: CXX_FEATURE:1cxx_unicode_literals
    Feature record: CXX_FEATURE:1cxx_uniform_initialization
    Feature record: CXX_FEATURE:1cxx_unrestricted_unions
    Feature record: CXX_FEATURE:1cxx_user_literals
    Feature record: CXX_FEATURE:1cxx_variable_templates
    Feature record: CXX_FEATURE:1cxx_variadic_macros
    Feature record: CXX_FEATURE:1cxx_variadic_templates


Detecting CXX [-std=c++11] compiler features compiled with the following output:
Change Dir: /home/bragesk/git/PCG/FieldOpt/FieldOpt/CMakeFiles/CMakeTmp

Run Build Command:"/usr/bin/make" "cmTC_a813a/fast"
/usr/bin/make -f CMakeFiles/cmTC_a813a.dir/build.make CMakeFiles/cmTC_a813a.dir/build
make[1]: Entering directory '/home/bragesk/git/PCG/FieldOpt/FieldOpt/CMakeFiles/CMakeTmp'
Building CXX object CMakeFiles/cmTC_a813a.dir/feature_tests.cxx.o
/usr/bin/c++    -std=c++11 -o CMakeFiles/cmTC_a813a.dir/feature_tests.cxx.o -c /home/bragesk/git/PCG/FieldOpt/FieldOpt/CMakeFiles/feature_tests.cxx
Linking CXX executable cmTC_a813a
/home/bragesk/Downloads/clion-2017.2.4/bin/cmake/bin/cmake -E cmake_link_script CMakeFiles/cmTC_a813a.dir/link.txt --verbose=1
/usr/bin/c++       -rdynamic CMakeFiles/cmTC_a813a.dir/feature_tests.cxx.o  -o cmTC_a813a 
make[1]: Leaving directory '/home/bragesk/git/PCG/FieldOpt/FieldOpt/CMakeFiles/CMakeTmp'


    Feature record: CXX_FEATURE:0cxx_aggregate_default_initializers
    Feature record: CXX_FEATURE:1cxx_alias_templates
    Feature record: CXX_FEATURE:1cxx_alignas
    Feature record: CXX_FEATURE:1cxx_alignof
    Feature record: CXX_FEATURE:1cxx_attributes
    Feature record: CXX_FEATURE:0cxx_attribute_deprecated
    Feature record: CXX_FEATURE:1cxx_auto_type
    Feature record: CXX_FEATURE:0cxx_binary_literals
    Feature record: CXX_FEATURE:1cxx_constexpr
    Feature record: CXX_FEATURE:0cxx_contextual_conversions
    Feature record: CXX_FEATURE:1cxx_decltype
    Feature record: CXX_FEATURE:0cxx_decltype_auto
    Feature record: CXX_FEATURE:1cxx_decltype_incomplete_return_types
    Feature record: CXX_FEATURE:1cxx_default_function_template_args
    Feature record: CXX_FEATURE:1cxx_defaulted_functions
    Feature record: CXX_FEATURE:1cxx_defaulted_move_initializers
    Feature record: CXX_FEATURE:1cxx_delegating_constructors
    Feature record: CXX_FEATURE:1cxx_deleted_functions
    Feature record: CXX_FEATURE:0cxx_digit_separators
    Feature record: CXX_FEATURE:1cxx_enum_forward_declarations
    Feature record: CXX_FEATURE:1cxx_explicit_conversions
    Feature record: CXX_FEATURE:1cxx_extended_friend_declarations
    Feature record: CXX_FEATURE:1cxx_extern_templates
    Feature record: CXX_FEATURE:1cxx_final
    Feature record: CXX_FEATURE:1cxx_func_identifier
    Feature record: CXX_FEATURE:1cxx_generalized_initializers
    Feature record: CXX_FEATURE:0cxx_generic_lambdas
    Feature record: CXX_FEATURE:1cxx_inheriting_constructors
    Feature record: CXX_FEATURE:1cxx_inline_namespaces
    Feature record: CXX_FEATURE:1cxx_lambdas
    Feature record: CXX_FEATURE:0cxx_lambda_init_captures
    Feature record: CXX_FEATURE:1cxx_local_type_template_args
    Feature record: CXX_FEATURE:1cxx_long_long_type
    Feature record: CXX_FEATURE:1cxx_noexcept
    Feature record: CXX_FEATURE:1cxx_nonstatic_member_init
    Feature record: CXX_FEATURE:1cxx_nullptr
    Feature record: CXX_FEATURE:1cxx_override
    Feature record: CXX_FEATURE:1cxx_range_for
    Feature record: CXX_FEATURE:1cxx_raw_string_literals
    Feature record: CXX_FEATURE:1cxx_reference_qualified_functions
    Feature record: CXX_FEATURE:0cxx_relaxed_constexpr
    Feature record: CXX_FEATURE:0cxx_return_type_deduction
    Feature record: CXX_FEATURE:1cxx_right_angle_brackets
    Feature record: CXX_FEATURE:1cxx_rvalue_references
    Feature record: CXX_FEATURE:1cxx_sizeof_member
    Feature record: CXX_FEATURE:1cxx_static_assert
    Feature record: CXX_FEATURE:1cxx_strong_enums
    Feature record: CXX_FEATURE:1cxx_template_template_parameters
    Feature record: CXX_FEATURE:1cxx_thread_local
    Feature record: CXX_FEATURE:1cxx_trailing_return_types
    Feature record: CXX_FEATURE:1cxx_unicode_literals
    Feature record: CXX_FEATURE:1cxx_uniform_initialization
    Feature record: CXX_FEATURE:1cxx_unrestricted_unions
    Feature record: CXX_FEATURE:1cxx_user_literals
    Feature record: CXX_FEATURE:0cxx_variable_templates
    Feature record: CXX_FEATURE:1cxx_variadic_macros
    Feature record: CXX_FEATURE:1cxx_variadic_templates


Detecting CXX [-std=c++98] compiler features compiled with the following output:
Change Dir: /home/bragesk/git/PCG/FieldOpt/FieldOpt/CMakeFiles/CMakeTmp

Run Build Command:"/usr/bin/make" "cmTC_2e394/fast"
/usr/bin/make -f CMakeFiles/cmTC_2e394.dir/build.make CMakeFiles/cmTC_2e394.dir/build
make[1]: Entering directory '/home/bragesk/git/PCG/FieldOpt/FieldOpt/CMakeFiles/CMakeTmp'
Building CXX object CMakeFiles/cmTC_2e394.dir/feature_tests.cxx.o
/usr/bin/c++    -std=c++98 -o CMakeFiles/cmTC_2e394.dir/feature_tests.cxx.o -c /home/bragesk/git/PCG/FieldOpt/FieldOpt/CMakeFiles/feature_tests.cxx
Linking CXX executable cmTC_2e394
/home/bragesk/Downloads/clion-2017.2.4/bin/cmake/bin/cmake -E cmake_link_script CMakeFiles/cmTC_2e394.dir/link.txt --verbose=1
/usr/bin/c++       -rdynamic CMakeFiles/cmTC_2e394.dir/feature_tests.cxx.o  -o cmTC_2e394 
make[1]: Leaving directory '/home/bragesk/git/PCG/FieldOpt/FieldOpt/CMakeFiles/CMakeTmp'


    Feature record: CXX_FEATURE:0cxx_aggregate_default_initializers
    Feature record: CXX_FEATURE:0cxx_alias_templates
    Feature record: CXX_FEATURE:0cxx_alignas
    Feature record: CXX_FEATURE:0cxx_alignof
    Feature record: CXX_FEATURE:0cxx_attributes
    Feature record: CXX_FEATURE:0cxx_attribute_deprecated
    Feature record: CXX_FEATURE:0cxx_auto_type
    Feature record: CXX_FEATURE:0cxx_binary_literals
    Feature record: CXX_FEATURE:0cxx_constexpr
    Feature record: CXX_FEATURE:0cxx_contextual_conversions
    Feature record: CXX_FEATURE:0cxx_decltype
    Feature record: CXX_FEATURE:0cxx_decltype_auto
    Feature record: CXX_FEATURE:0cxx_decltype_incomplete_return_types
    Feature record: CXX_FEATURE:0cxx_default_function_template_args
    Feature record: CXX_FEATURE:0cxx_defaulted_functions
    Feature record: CXX_FEATURE:0cxx_defaulted_move_initializers
    Feature record: CXX_FEATURE:0cxx_delegating_constructors
    Feature record: CXX_FEATURE:0cxx_deleted_functions
    Feature record: CXX_FEATURE:0cxx_digit_separators
    Feature record: CXX_FEATURE:0cxx_enum_forward_declarations
    Feature record: CXX_FEATURE:0cxx_explicit_conversions
    Feature record: CXX_FEATURE:0cxx_extended_friend_declarations
    Feature record: CXX_FEATURE:0cxx_extern_templates
    Feature record: CXX_FEATURE:0cxx_final
    Feature record: CXX_FEATURE:0cxx_func_identifier
    Feature record: CXX_FEATURE:0cxx_generalized_initializers
    Feature record: CXX_FEATURE:0cxx_generic_lambdas
    Feature record: CXX_FEATURE:0cxx_inheriting_constructors
    Feature record: CXX_FEATURE:0cxx_inline_namespaces
    Feature record: CXX_FEATURE:0cxx_lambdas
    Feature record: CXX_FEATURE:0cxx_lambda_init_captures
    Feature record: CXX_FEATURE:0cxx_local_type_template_args
    Feature record: CXX_FEATURE:0cxx_long_long_type
    Feature record: CXX_FEATURE:0cxx_noexcept
    Feature record: CXX_FEATURE:0cxx_nonstatic_member_init
    Feature record: CXX_FEATURE:0cxx_nullptr
    Feature record: CXX_FEATURE:0cxx_override
    Feature record: CXX_FEATURE:0cxx_range_for
    Feature record: CXX_FEATURE:0cxx_raw_string_literals
    Feature record: CXX_FEATURE:0cxx_reference_qualified_functions
    Feature record: CXX_FEATURE:0cxx_relaxed_constexpr
    Feature record: CXX_FEATURE:0cxx_return_type_deduction
    Feature record: CXX_FEATURE:0cxx_right_angle_brackets
    Feature record: CXX_FEATURE:0cxx_rvalue_references
    Feature record: CXX_FEATURE:0cxx_sizeof_member
    Feature record: CXX_FEATURE:0cxx_static_assert
    Feature record: CXX_FEATURE:0cxx_strong_enums
    Feature record: CXX_FEATURE:1cxx_template_template_parameters
    Feature record: CXX_FEATURE:0cxx_thread_local
    Feature record: CXX_FEATURE:0cxx_trailing_return_types
    Feature record: CXX_FEATURE:0cxx_unicode_literals
    Feature record: CXX_FEATURE:0cxx_uniform_initialization
    Feature record: CXX_FEATURE:0cxx_unrestricted_unions
    Feature record: CXX_FEATURE:0cxx_user_literals
    Feature record: CXX_FEATURE:0cxx_variable_templates
    Feature record: CXX_FEATURE:0cxx_variadic_macros
    Feature record: CXX_FEATURE:0cxx_variadic_templates
Performing C++ SOURCE FILE Test COMPILER_SUPPORTS_CXX11 succeeded with the following output:
Change Dir: /home/bragesk/git/PCG/FieldOpt/FieldOpt/CMakeFiles/CMakeTmp

Run Build Command:"/usr/bin/make" "cmTC_a22ca/fast"
/usr/bin/make -f CMakeFiles/cmTC_a22ca.dir/build.make CMakeFiles/cmTC_a22ca.dir/build
make[1]: Entering directory '/home/bragesk/git/PCG/FieldOpt/FieldOpt/CMakeFiles/CMakeTmp'
Building CXX object CMakeFiles/cmTC_a22ca.dir/src.cxx.o
/usr/bin/c++    -Wno-narrowing -Wno-sign-compare -Wno-overloaded-virtual -Wformat -fPIC -DCVF_LINUX -pipe -Wextra  -std=c++0x -Wall  -DCOMPILER_SUPPORTS_CXX11 -fPIE   -std=c++11 -o CMakeFiles/cmTC_a22ca.dir/src.cxx.o -c /home/bragesk/git/PCG/FieldOpt/FieldOpt/CMakeFiles/CMakeTmp/src.cxx
Linking CXX executable cmTC_a22ca
/home/bragesk/Downloads/clion-2017.2.4/bin/cmake/bin/cmake -E cmake_link_script CMakeFiles/cmTC_a22ca.dir/link.txt --verbose=1
/usr/bin/c++   -Wno-narrowing -Wno-sign-compare -Wno-overloaded-virtual -Wformat -fPIC -DCVF_LINUX -pipe -Wextra  -std=c++0x -Wall  -DCOMPILER_SUPPORTS_CXX11    -rdynamic CMakeFiles/cmTC_a22ca.dir/src.cxx.o  -o cmTC_a22ca 
make[1]: Leaving directory '/home/bragesk/git/PCG/FieldOpt/FieldOpt/CMakeFiles/CMakeTmp'

Source file was:
int main() { return 0; }
Performing C++ SOURCE FILE Test COMPILER_SUPPORTS_CXX0X succeeded with the following output:
Change Dir: /home/bragesk/git/PCG/FieldOpt/FieldOpt/CMakeFiles/CMakeTmp

Run Build Command:"/usr/bin/make" "cmTC_0bdec/fast"
/usr/bin/make -f CMakeFiles/cmTC_0bdec.dir/build.make CMakeFiles/cmTC_0bdec.dir/build
make[1]: Entering directory '/home/bragesk/git/PCG/FieldOpt/FieldOpt/CMakeFiles/CMakeTmp'
Building CXX object CMakeFiles/cmTC_0bdec.dir/src.cxx.o
/usr/bin/c++    -Wno-narrowing -Wno-sign-compare -Wno-overloaded-virtual -Wformat -fPIC -DCVF_LINUX -pipe -Wextra  -std=c++0x -Wall  -DCOMPILER_SUPPORTS_CXX0X -fPIE   -std=c++0x -o CMakeFiles/cmTC_0bdec.dir/src.cxx.o -c /home/bragesk/git/PCG/FieldOpt/FieldOpt/CMakeFiles/CMakeTmp/src.cxx
Linking CXX executable cmTC_0bdec
/home/bragesk/Downloads/clion-2017.2.4/bin/cmake/bin/cmake -E cmake_link_script CMakeFiles/cmTC_0bdec.dir/link.txt --verbose=1
/usr/bin/c++   -Wno-narrowing -Wno-sign-compare -Wno-overloaded-virtual -Wformat -fPIC -DCVF_LINUX -pipe -Wextra  -std=c++0x -Wall  -DCOMPILER_SUPPORTS_CXX0X    -rdynamic CMakeFiles/cmTC_0bdec.dir/src.cxx.o  -o cmTC_0bdec 
make[1]: Leaving directory '/home/bragesk/git/PCG/FieldOpt/FieldOpt/CMakeFiles/CMakeTmp'

Source file was:
int main() { return 0; }
Performing C SOURCE FILE Test OpenMP_FLAG_DETECTED succeeded with the following output:
Change Dir: /home/bragesk/git/PCG/FieldOpt/FieldOpt/CMakeFiles/CMakeTmp

Run Build Command:"/usr/bin/make" "cmTC_661cd/fast"
/usr/bin/make -f CMakeFiles/cmTC_661cd.dir/build.make CMakeFiles/cmTC_661cd.dir/build
make[1]: Entering directory '/home/bragesk/git/PCG/FieldOpt/FieldOpt/CMakeFiles/CMakeTmp'
Building C object CMakeFiles/cmTC_661cd.dir/src.c.o
/usr/bin/cc   -std=gnu99 -Wall -Wno-unknown-pragmas  -DOpenMP_FLAG_DETECTED -fopenmp -fPIE   -o CMakeFiles/cmTC_661cd.dir/src.c.o   -c /home/bragesk/git/PCG/FieldOpt/FieldOpt/CMakeFiles/CMakeTmp/src.c
Linking C executable cmTC_661cd
/home/bragesk/Downloads/clion-2017.2.4/bin/cmake/bin/cmake -E cmake_link_script CMakeFiles/cmTC_661cd.dir/link.txt --verbose=1
/usr/bin/cc  -std=gnu99 -Wall -Wno-unknown-pragmas  -DOpenMP_FLAG_DETECTED -fopenmp    -rdynamic CMakeFiles/cmTC_661cd.dir/src.c.o  -o cmTC_661cd 
make[1]: Leaving directory '/home/bragesk/git/PCG/FieldOpt/FieldOpt/CMakeFiles/CMakeTmp'

Source file was:

#include <omp.h>
int main() {
#ifdef _OPENMP
  return 0;
#else
  breaks_on_purpose
#endif
}

Performing C++ SOURCE FILE Test OpenMP_FLAG_DETECTED succeeded with the following output:
Change Dir: /home/bragesk/git/PCG/FieldOpt/FieldOpt/CMakeFiles/CMakeTmp

Run Build Command:"/usr/bin/make" "cmTC_be7b4/fast"
/usr/bin/make -f CMakeFiles/cmTC_be7b4.dir/build.make CMakeFiles/cmTC_be7b4.dir/build
make[1]: Entering directory '/home/bragesk/git/PCG/FieldOpt/FieldOpt/CMakeFiles/CMakeTmp'
Building CXX object CMakeFiles/cmTC_be7b4.dir/src.cxx.o
/usr/bin/c++    -Wno-narrowing -Wno-sign-compare -Wno-overloaded-virtual -Wformat -fPIC -DCVF_LINUX -pipe -Wextra  -std=c++0x -Wall  -std=c++11 -DOpenMP_FLAG_DETECTED -fopenmp -fPIE   -o CMakeFiles/cmTC_be7b4.dir/src.cxx.o -c /home/bragesk/git/PCG/FieldOpt/FieldOpt/CMakeFiles/CMakeTmp/src.cxx
Linking CXX executable cmTC_be7b4
/home/bragesk/Downloads/clion-2017.2.4/bin/cmake/bin/cmake -E cmake_link_script CMakeFiles/cmTC_be7b4.dir/link.txt --verbose=1
/usr/bin/c++   -Wno-narrowing -Wno-sign-compare -Wno-overloaded-virtual -Wformat -fPIC -DCVF_LINUX -pipe -Wextra  -std=c++0x -Wall  -std=c++11 -DOpenMP_FLAG_DETECTED -fopenmp    -rdynamic CMakeFiles/cmTC_be7b4.dir/src.cxx.o  -o cmTC_be7b4 
make[1]: Leaving directory '/home/bragesk/git/PCG/FieldOpt/FieldOpt/CMakeFiles/CMakeTmp'

Source file was:

#include <omp.h>
int main() {
#ifdef _OPENMP
  return 0;
#else
  breaks_on_purpose
#endif
}

Determining if the include file pthread.h exists passed with the following output:
Change Dir: /home/bragesk/git/PCG/FieldOpt/FieldOpt/CMakeFiles/CMakeTmp

Run Build Command:"/usr/bin/make" "cmTC_6c991/fast"
/usr/bin/make -f CMakeFiles/cmTC_6c991.dir/build.make CMakeFiles/cmTC_6c991.dir/build
make[1]: Entering directory '/home/bragesk/git/PCG/FieldOpt/FieldOpt/CMakeFiles/CMakeTmp'
Building C object CMakeFiles/cmTC_6c991.dir/CheckIncludeFile.c.o
/usr/bin/cc   -std=gnu99 -Wall -Wno-unknown-pragmas   -fPIE   -o CMakeFiles/cmTC_6c991.dir/CheckIncludeFile.c.o   -c /home/bragesk/git/PCG/FieldOpt/FieldOpt/CMakeFiles/CMakeTmp/CheckIncludeFile.c
Linking C executable cmTC_6c991
/home/bragesk/Downloads/clion-2017.2.4/bin/cmake/bin/cmake -E cmake_link_script CMakeFiles/cmTC_6c991.dir/link.txt --verbose=1
/usr/bin/cc  -std=gnu99 -Wall -Wno-unknown-pragmas      -rdynamic CMakeFiles/cmTC_6c991.dir/CheckIncludeFile.c.o  -o cmTC_6c991 
make[1]: Leaving directory '/home/bragesk/git/PCG/FieldOpt/FieldOpt/CMakeFiles/CMakeTmp'


Determining if the function chdir exists passed with the following output:
Change Dir: /home/bragesk/git/PCG/FieldOpt/FieldOpt/CMakeFiles/CMakeTmp

Run Build Command:"/usr/bin/make" "cmTC_8b912/fast"
/usr/bin/make -f CMakeFiles/cmTC_8b912.dir/build.make CMakeFiles/cmTC_8b912.dir/build
make[1]: Entering directory '/home/bragesk/git/PCG/FieldOpt/FieldOpt/CMakeFiles/CMakeTmp'
Building C object CMakeFiles/cmTC_8b912.dir/CheckFunctionExists.c.o
/usr/bin/cc   -std=gnu99 -Wall -Wno-unknown-pragmas  -DCHECK_FUNCTION_EXISTS=chdir -fPIE   -o CMakeFiles/cmTC_8b912.dir/CheckFunctionExists.c.o   -c /home/bragesk/Downloads/clion-2017.2.4/bin/cmake/share/cmake-3.8/Modules/CheckFunctionExists.c
Linking C executable cmTC_8b912
/home/bragesk/Downloads/clion-2017.2.4/bin/cmake/bin/cmake -E cmake_link_script CMakeFiles/cmTC_8b912.dir/link.txt --verbose=1
/usr/bin/cc  -std=gnu99 -Wall -Wno-unknown-pragmas  -DCHECK_FUNCTION_EXISTS=chdir    -rdynamic CMakeFiles/cmTC_8b912.dir/CheckFunctionExists.c.o  -o cmTC_8b912 
make[1]: Leaving directory '/home/bragesk/git/PCG/FieldOpt/FieldOpt/CMakeFiles/CMakeTmp'


Determining if the function chmod exists passed with the following output:
Change Dir: /home/bragesk/git/PCG/FieldOpt/FieldOpt/CMakeFiles/CMakeTmp

Run Build Command:"/usr/bin/make" "cmTC_7583a/fast"
/usr/bin/make -f CMakeFiles/cmTC_7583a.dir/build.make CMakeFiles/cmTC_7583a.dir/build
make[1]: Entering directory '/home/bragesk/git/PCG/FieldOpt/FieldOpt/CMakeFiles/CMakeTmp'
Building C object CMakeFiles/cmTC_7583a.dir/CheckFunctionExists.c.o
/usr/bin/cc   -std=gnu99 -Wall -Wno-unknown-pragmas  -DCHECK_FUNCTION_EXISTS=chmod -fPIE   -o CMakeFiles/cmTC_7583a.dir/CheckFunctionExists.c.o   -c /home/bragesk/Downloads/clion-2017.2.4/bin/cmake/share/cmake-3.8/Modules/CheckFunctionExists.c
Linking C executable cmTC_7583a
/home/bragesk/Downloads/clion-2017.2.4/bin/cmake/bin/cmake -E cmake_link_script CMakeFiles/cmTC_7583a.dir/link.txt --verbose=1
/usr/bin/cc  -std=gnu99 -Wall -Wno-unknown-pragmas  -DCHECK_FUNCTION_EXISTS=chmod    -rdynamic CMakeFiles/cmTC_7583a.dir/CheckFunctionExists.c.o  -o cmTC_7583a 
make[1]: Leaving directory '/home/bragesk/git/PCG/FieldOpt/FieldOpt/CMakeFiles/CMakeTmp'


Determining if the function fnmatch exists passed with the following output:
Change Dir: /home/bragesk/git/PCG/FieldOpt/FieldOpt/CMakeFiles/CMakeTmp

Run Build Command:"/usr/bin/make" "cmTC_29e7c/fast"
/usr/bin/make -f CMakeFiles/cmTC_29e7c.dir/build.make CMakeFiles/cmTC_29e7c.dir/build
make[1]: Entering directory '/home/bragesk/git/PCG/FieldOpt/FieldOpt/CMakeFiles/CMakeTmp'
Building C object CMakeFiles/cmTC_29e7c.dir/CheckFunctionExists.c.o
/usr/bin/cc   -std=gnu99 -Wall -Wno-unknown-pragmas  -DCHECK_FUNCTION_EXISTS=fnmatch -fPIE   -o CMakeFiles/cmTC_29e7c.dir/CheckFunctionExists.c.o   -c /home/bragesk/Downloads/clion-2017.2.4/bin/cmake/share/cmake-3.8/Modules/CheckFunctionExists.c
Linking C executable cmTC_29e7c
/home/bragesk/Downloads/clion-2017.2.4/bin/cmake/bin/cmake -E cmake_link_script CMakeFiles/cmTC_29e7c.dir/link.txt --verbose=1
/usr/bin/cc  -std=gnu99 -Wall -Wno-unknown-pragmas  -DCHECK_FUNCTION_EXISTS=fnmatch    -rdynamic CMakeFiles/cmTC_29e7c.dir/CheckFunctionExists.c.o  -o cmTC_29e7c 
make[1]: Leaving directory '/home/bragesk/git/PCG/FieldOpt/FieldOpt/CMakeFiles/CMakeTmp'


Determining if the function fork exists passed with the following output:
Change Dir: /home/bragesk/git/PCG/FieldOpt/FieldOpt/CMakeFiles/CMakeTmp

Run Build Command:"/usr/bin/make" "cmTC_80f4f/fast"
/usr/bin/make -f CMakeFiles/cmTC_80f4f.dir/build.make CMakeFiles/cmTC_80f4f.dir/build
make[1]: Entering directory '/home/bragesk/git/PCG/FieldOpt/FieldOpt/CMakeFiles/CMakeTmp'
Building C object CMakeFiles/cmTC_80f4f.dir/CheckFunctionExists.c.o
/usr/bin/cc   -std=gnu99 -Wall -Wno-unknown-pragmas  -DCHECK_FUNCTION_EXISTS=fork -fPIE   -o CMakeFiles/cmTC_80f4f.dir/CheckFunctionExists.c.o   -c /home/bragesk/Downloads/clion-2017.2.4/bin/cmake/share/cmake-3.8/Modules/CheckFunctionExists.c
<command-line>:0:23: warning: conflicting types for built-in function fork
/home/bragesk/Downloads/clion-2017.2.4/bin/cmake/share/cmake-3.8/Modules/CheckFunctionExists.c:7:3: note: in expansion of macro CHECK_FUNCTION_EXISTS
   CHECK_FUNCTION_EXISTS(void);
   ^
Linking C executable cmTC_80f4f
/home/bragesk/Downloads/clion-2017.2.4/bin/cmake/bin/cmake -E cmake_link_script CMakeFiles/cmTC_80f4f.dir/link.txt --verbose=1
/usr/bin/cc  -std=gnu99 -Wall -Wno-unknown-pragmas  -DCHECK_FUNCTION_EXISTS=fork    -rdynamic CMakeFiles/cmTC_80f4f.dir/CheckFunctionExists.c.o  -o cmTC_80f4f 
make[1]: Leaving directory '/home/bragesk/git/PCG/FieldOpt/FieldOpt/CMakeFiles/CMakeTmp'


Determining if the function fseeko exists passed with the following output:
Change Dir: /home/bragesk/git/PCG/FieldOpt/FieldOpt/CMakeFiles/CMakeTmp

Run Build Command:"/usr/bin/make" "cmTC_0a1dc/fast"
/usr/bin/make -f CMakeFiles/cmTC_0a1dc.dir/build.make CMakeFiles/cmTC_0a1dc.dir/build
make[1]: Entering directory '/home/bragesk/git/PCG/FieldOpt/FieldOpt/CMakeFiles/CMakeTmp'
Building C object CMakeFiles/cmTC_0a1dc.dir/CheckFunctionExists.c.o
/usr/bin/cc   -std=gnu99 -Wall -Wno-unknown-pragmas  -DCHECK_FUNCTION_EXISTS=fseeko -fPIE   -o CMakeFiles/cmTC_0a1dc.dir/CheckFunctionExists.c.o   -c /home/bragesk/Downloads/clion-2017.2.4/bin/cmake/share/cmake-3.8/Modules/CheckFunctionExists.c
Linking C executable cmTC_0a1dc
/home/bragesk/Downloads/clion-2017.2.4/bin/cmake/bin/cmake -E cmake_link_script CMakeFiles/cmTC_0a1dc.dir/link.txt --verbose=1
/usr/bin/cc  -std=gnu99 -Wall -Wno-unknown-pragmas  -DCHECK_FUNCTION_EXISTS=fseeko    -rdynamic CMakeFiles/cmTC_0a1dc.dir/CheckFunctionExists.c.o  -o cmTC_0a1dc 
make[1]: Leaving directory '/home/bragesk/git/PCG/FieldOpt/FieldOpt/CMakeFiles/CMakeTmp'


Determining if the function fsync exists passed with the following output:
Change Dir: /home/bragesk/git/PCG/FieldOpt/FieldOpt/CMakeFiles/CMakeTmp

Run Build Command:"/usr/bin/make" "cmTC_9bfbb/fast"
/usr/bin/make -f CMakeFiles/cmTC_9bfbb.dir/build.make CMakeFiles/cmTC_9bfbb.dir/build
make[1]: Entering directory '/home/bragesk/git/PCG/FieldOpt/FieldOpt/CMakeFiles/CMakeTmp'
Building C object CMakeFiles/cmTC_9bfbb.dir/CheckFunctionExists.c.o
/usr/bin/cc   -std=gnu99 -Wall -Wno-unknown-pragmas  -DCHECK_FUNCTION_EXISTS=fsync -fPIE   -o CMakeFiles/cmTC_9bfbb.dir/CheckFunctionExists.c.o   -c /home/bragesk/Downloads/clion-2017.2.4/bin/cmake/share/cmake-3.8/Modules/CheckFunctionExists.c
Linking C executable cmTC_9bfbb
/home/bragesk/Downloads/clion-2017.2.4/bin/cmake/bin/cmake -E cmake_link_script CMakeFiles/cmTC_9bfbb.dir/link.txt --verbose=1
/usr/bin/cc  -std=gnu99 -Wall -Wno-unknown-pragmas  -DCHECK_FUNCTION_EXISTS=fsync    -rdynamic CMakeFiles/cmTC_9bfbb.dir/CheckFunctionExists.c.o  -o cmTC_9bfbb 
make[1]: Leaving directory '/home/bragesk/git/PCG/FieldOpt/FieldOpt/CMakeFiles/CMakeTmp'


Determining if the function ftruncate exists passed with the following output:
Change Dir: /home/bragesk/git/PCG/FieldOpt/FieldOpt/CMakeFiles/CMakeTmp

Run Build Command:"/usr/bin/make" "cmTC_f40f8/fast"
/usr/bin/make -f CMakeFiles/cmTC_f40f8.dir/build.make CMakeFiles/cmTC_f40f8.dir/build
make[1]: Entering directory '/home/bragesk/git/PCG/FieldOpt/FieldOpt/CMakeFiles/CMakeTmp'
Building C object CMakeFiles/cmTC_f40f8.dir/CheckFunctionExists.c.o
/usr/bin/cc   -std=gnu99 -Wall -Wno-unknown-pragmas  -DCHECK_FUNCTION_EXISTS=ftruncate -fPIE   -o CMakeFiles/cmTC_f40f8.dir/CheckFunctionExists.c.o   -c /home/bragesk/Downloads/clion-2017.2.4/bin/cmake/share/cmake-3.8/Modules/CheckFunctionExists.c
Linking C executable cmTC_f40f8
/home/bragesk/Downloads/clion-2017.2.4/bin/cmake/bin/cmake -E cmake_link_script CMakeFiles/cmTC_f40f8.dir/link.txt --verbose=1
/usr/bin/cc  -std=gnu99 -Wall -Wno-unknown-pragmas  -DCHECK_FUNCTION_EXISTS=ftruncate    -rdynamic CMakeFiles/cmTC_f40f8.dir/CheckFunctionExists.c.o  -o cmTC_f40f8 
make[1]: Leaving directory '/home/bragesk/git/PCG/FieldOpt/FieldOpt/CMakeFiles/CMakeTmp'


Determining if the function getcwd exists passed with the following output:
Change Dir: /home/bragesk/git/PCG/FieldOpt/FieldOpt/CMakeFiles/CMakeTmp

Run Build Command:"/usr/bin/make" "cmTC_7d05d/fast"
/usr/bin/make -f CMakeFiles/cmTC_7d05d.dir/build.make CMakeFiles/cmTC_7d05d.dir/build
make[1]: Entering directory '/home/bragesk/git/PCG/FieldOpt/FieldOpt/CMakeFiles/CMakeTmp'
Building C object CMakeFiles/cmTC_7d05d.dir/CheckFunctionExists.c.o
/usr/bin/cc   -std=gnu99 -Wall -Wno-unknown-pragmas  -DCHECK_FUNCTION_EXISTS=getcwd -fPIE   -o CMakeFiles/cmTC_7d05d.dir/CheckFunctionExists.c.o   -c /home/bragesk/Downloads/clion-2017.2.4/bin/cmake/share/cmake-3.8/Modules/CheckFunctionExists.c
Linking C executable cmTC_7d05d
/home/bragesk/Downloads/clion-2017.2.4/bin/cmake/bin/cmake -E cmake_link_script CMakeFiles/cmTC_7d05d.dir/link.txt --verbose=1
/usr/bin/cc  -std=gnu99 -Wall -Wno-unknown-pragmas  -DCHECK_FUNCTION_EXISTS=getcwd    -rdynamic CMakeFiles/cmTC_7d05d.dir/CheckFunctionExists.c.o  -o cmTC_7d05d 
make[1]: Leaving directory '/home/bragesk/git/PCG/FieldOpt/FieldOpt/CMakeFiles/CMakeTmp'


Determining if the function getpwuid exists passed with the following output:
Change Dir: /home/bragesk/git/PCG/FieldOpt/FieldOpt/CMakeFiles/CMakeTmp

Run Build Command:"/usr/bin/make" "cmTC_94398/fast"
/usr/bin/make -f CMakeFiles/cmTC_94398.dir/build.make CMakeFiles/cmTC_94398.dir/build
make[1]: Entering directory '/home/bragesk/git/PCG/FieldOpt/FieldOpt/CMakeFiles/CMakeTmp'
Building C object CMakeFiles/cmTC_94398.dir/CheckFunctionExists.c.o
/usr/bin/cc   -std=gnu99 -Wall -Wno-unknown-pragmas  -DCHECK_FUNCTION_EXISTS=getpwuid -fPIE   -o CMakeFiles/cmTC_94398.dir/CheckFunctionExists.c.o   -c /home/bragesk/Downloads/clion-2017.2.4/bin/cmake/share/cmake-3.8/Modules/CheckFunctionExists.c
Linking C executable cmTC_94398
/home/bragesk/Downloads/clion-2017.2.4/bin/cmake/bin/cmake -E cmake_link_script CMakeFiles/cmTC_94398.dir/link.txt --verbose=1
/usr/bin/cc  -std=gnu99 -Wall -Wno-unknown-pragmas  -DCHECK_FUNCTION_EXISTS=getpwuid    -rdynamic CMakeFiles/cmTC_94398.dir/CheckFunctionExists.c.o  -o cmTC_94398 
make[1]: Leaving directory '/home/bragesk/git/PCG/FieldOpt/FieldOpt/CMakeFiles/CMakeTmp'


Determining if the function getuid exists passed with the following output:
Change Dir: /home/bragesk/git/PCG/FieldOpt/FieldOpt/CMakeFiles/CMakeTmp

Run Build Command:"/usr/bin/make" "cmTC_246c5/fast"
/usr/bin/make -f CMakeFiles/cmTC_246c5.dir/build.make CMakeFiles/cmTC_246c5.dir/build
make[1]: Entering directory '/home/bragesk/git/PCG/FieldOpt/FieldOpt/CMakeFiles/CMakeTmp'
Building C object CMakeFiles/cmTC_246c5.dir/CheckFunctionExists.c.o
/usr/bin/cc   -std=gnu99 -Wall -Wno-unknown-pragmas  -DCHECK_FUNCTION_EXISTS=getuid -fPIE   -o CMakeFiles/cmTC_246c5.dir/CheckFunctionExists.c.o   -c /home/bragesk/Downloads/clion-2017.2.4/bin/cmake/share/cmake-3.8/Modules/CheckFunctionExists.c
Linking C executable cmTC_246c5
/home/bragesk/Downloads/clion-2017.2.4/bin/cmake/bin/cmake -E cmake_link_script CMakeFiles/cmTC_246c5.dir/link.txt --verbose=1
/usr/bin/cc  -std=gnu99 -Wall -Wno-unknown-pragmas  -DCHECK_FUNCTION_EXISTS=getuid    -rdynamic CMakeFiles/cmTC_246c5.dir/CheckFunctionExists.c.o  -o cmTC_246c5 
make[1]: Leaving directory '/home/bragesk/git/PCG/FieldOpt/FieldOpt/CMakeFiles/CMakeTmp'


Determining if the function glob exists passed with the following output:
Change Dir: /home/bragesk/git/PCG/FieldOpt/FieldOpt/CMakeFiles/CMakeTmp

Run Build Command:"/usr/bin/make" "cmTC_1f2ed/fast"
/usr/bin/make -f CMakeFiles/cmTC_1f2ed.dir/build.make CMakeFiles/cmTC_1f2ed.dir/build
make[1]: Entering directory '/home/bragesk/git/PCG/FieldOpt/FieldOpt/CMakeFiles/CMakeTmp'
Building C object CMakeFiles/cmTC_1f2ed.dir/CheckFunctionExists.c.o
/usr/bin/cc   -std=gnu99 -Wall -Wno-unknown-pragmas  -DCHECK_FUNCTION_EXISTS=glob -fPIE   -o CMakeFiles/cmTC_1f2ed.dir/CheckFunctionExists.c.o   -c /home/bragesk/Downloads/clion-2017.2.4/bin/cmake/share/cmake-3.8/Modules/CheckFunctionExists.c
Linking C executable cmTC_1f2ed
/home/bragesk/Downloads/clion-2017.2.4/bin/cmake/bin/cmake -E cmake_link_script CMakeFiles/cmTC_1f2ed.dir/link.txt --verbose=1
/usr/bin/cc  -std=gnu99 -Wall -Wno-unknown-pragmas  -DCHECK_FUNCTION_EXISTS=glob    -rdynamic CMakeFiles/cmTC_1f2ed.dir/CheckFunctionExists.c.o  -o cmTC_1f2ed 
make[1]: Leaving directory '/home/bragesk/git/PCG/FieldOpt/FieldOpt/CMakeFiles/CMakeTmp'


Determining if the function gmtime_r exists passed with the following output:
Change Dir: /home/bragesk/git/PCG/FieldOpt/FieldOpt/CMakeFiles/CMakeTmp

Run Build Command:"/usr/bin/make" "cmTC_ed334/fast"
/usr/bin/make -f CMakeFiles/cmTC_ed334.dir/build.make CMakeFiles/cmTC_ed334.dir/build
make[1]: Entering directory '/home/bragesk/git/PCG/FieldOpt/FieldOpt/CMakeFiles/CMakeTmp'
Building C object CMakeFiles/cmTC_ed334.dir/CheckFunctionExists.c.o
/usr/bin/cc   -std=gnu99 -Wall -Wno-unknown-pragmas  -DCHECK_FUNCTION_EXISTS=gmtime_r -fPIE   -o CMakeFiles/cmTC_ed334.dir/CheckFunctionExists.c.o   -c /home/bragesk/Downloads/clion-2017.2.4/bin/cmake/share/cmake-3.8/Modules/CheckFunctionExists.c
Linking C executable cmTC_ed334
/home/bragesk/Downloads/clion-2017.2.4/bin/cmake/bin/cmake -E cmake_link_script CMakeFiles/cmTC_ed334.dir/link.txt --verbose=1
/usr/bin/cc  -std=gnu99 -Wall -Wno-unknown-pragmas  -DCHECK_FUNCTION_EXISTS=gmtime_r    -rdynamic CMakeFiles/cmTC_ed334.dir/CheckFunctionExists.c.o  -o cmTC_ed334 
make[1]: Leaving directory '/home/bragesk/git/PCG/FieldOpt/FieldOpt/CMakeFiles/CMakeTmp'


Determining if the function localtime_r exists passed with the following output:
Change Dir: /home/bragesk/git/PCG/FieldOpt/FieldOpt/CMakeFiles/CMakeTmp

Run Build Command:"/usr/bin/make" "cmTC_3b28f/fast"
/usr/bin/make -f CMakeFiles/cmTC_3b28f.dir/build.make CMakeFiles/cmTC_3b28f.dir/build
make[1]: Entering directory '/home/bragesk/git/PCG/FieldOpt/FieldOpt/CMakeFiles/CMakeTmp'
Building C object CMakeFiles/cmTC_3b28f.dir/CheckFunctionExists.c.o
/usr/bin/cc   -std=gnu99 -Wall -Wno-unknown-pragmas  -DCHECK_FUNCTION_EXISTS=localtime_r -fPIE   -o CMakeFiles/cmTC_3b28f.dir/CheckFunctionExists.c.o   -c /home/bragesk/Downloads/clion-2017.2.4/bin/cmake/share/cmake-3.8/Modules/CheckFunctionExists.c
Linking C executable cmTC_3b28f
/home/bragesk/Downloads/clion-2017.2.4/bin/cmake/bin/cmake -E cmake_link_script CMakeFiles/cmTC_3b28f.dir/link.txt --verbose=1
/usr/bin/cc  -std=gnu99 -Wall -Wno-unknown-pragmas  -DCHECK_FUNCTION_EXISTS=localtime_r    -rdynamic CMakeFiles/cmTC_3b28f.dir/CheckFunctionExists.c.o  -o cmTC_3b28f 
make[1]: Leaving directory '/home/bragesk/git/PCG/FieldOpt/FieldOpt/CMakeFiles/CMakeTmp'


Determining if the function lockf exists passed with the following output:
Change Dir: /home/bragesk/git/PCG/FieldOpt/FieldOpt/CMakeFiles/CMakeTmp

Run Build Command:"/usr/bin/make" "cmTC_8bc83/fast"
/usr/bin/make -f CMakeFiles/cmTC_8bc83.dir/build.make CMakeFiles/cmTC_8bc83.dir/build
make[1]: Entering directory '/home/bragesk/git/PCG/FieldOpt/FieldOpt/CMakeFiles/CMakeTmp'
Building C object CMakeFiles/cmTC_8bc83.dir/CheckFunctionExists.c.o
/usr/bin/cc   -std=gnu99 -Wall -Wno-unknown-pragmas  -DCHECK_FUNCTION_EXISTS=lockf -fPIE   -o CMakeFiles/cmTC_8bc83.dir/CheckFunctionExists.c.o   -c /home/bragesk/Downloads/clion-2017.2.4/bin/cmake/share/cmake-3.8/Modules/CheckFunctionExists.c
Linking C executable cmTC_8bc83
/home/bragesk/Downloads/clion-2017.2.4/bin/cmake/bin/cmake -E cmake_link_script CMakeFiles/cmTC_8bc83.dir/link.txt --verbose=1
/usr/bin/cc  -std=gnu99 -Wall -Wno-unknown-pragmas  -DCHECK_FUNCTION_EXISTS=lockf    -rdynamic CMakeFiles/cmTC_8bc83.dir/CheckFunctionExists.c.o  -o cmTC_8bc83 
make[1]: Leaving directory '/home/bragesk/git/PCG/FieldOpt/FieldOpt/CMakeFiles/CMakeTmp'


Determining if the function mkdir exists passed with the following output:
Change Dir: /home/bragesk/git/PCG/FieldOpt/FieldOpt/CMakeFiles/CMakeTmp

Run Build Command:"/usr/bin/make" "cmTC_3db76/fast"
/usr/bin/make -f CMakeFiles/cmTC_3db76.dir/build.make CMakeFiles/cmTC_3db76.dir/build
make[1]: Entering directory '/home/bragesk/git/PCG/FieldOpt/FieldOpt/CMakeFiles/CMakeTmp'
Building C object CMakeFiles/cmTC_3db76.dir/CheckFunctionExists.c.o
/usr/bin/cc   -std=gnu99 -Wall -Wno-unknown-pragmas  -DCHECK_FUNCTION_EXISTS=mkdir -fPIE   -o CMakeFiles/cmTC_3db76.dir/CheckFunctionExists.c.o   -c /home/bragesk/Downloads/clion-2017.2.4/bin/cmake/share/cmake-3.8/Modules/CheckFunctionExists.c
Linking C executable cmTC_3db76
/home/bragesk/Downloads/clion-2017.2.4/bin/cmake/bin/cmake -E cmake_link_script CMakeFiles/cmTC_3db76.dir/link.txt --verbose=1
/usr/bin/cc  -std=gnu99 -Wall -Wno-unknown-pragmas  -DCHECK_FUNCTION_EXISTS=mkdir    -rdynamic CMakeFiles/cmTC_3db76.dir/CheckFunctionExists.c.o  -o cmTC_3db76 
make[1]: Leaving directory '/home/bragesk/git/PCG/FieldOpt/FieldOpt/CMakeFiles/CMakeTmp'


Determining if the function opendir exists passed with the following output:
Change Dir: /home/bragesk/git/PCG/FieldOpt/FieldOpt/CMakeFiles/CMakeTmp

Run Build Command:"/usr/bin/make" "cmTC_d07a1/fast"
/usr/bin/make -f CMakeFiles/cmTC_d07a1.dir/build.make CMakeFiles/cmTC_d07a1.dir/build
make[1]: Entering directory '/home/bragesk/git/PCG/FieldOpt/FieldOpt/CMakeFiles/CMakeTmp'
Building C object CMakeFiles/cmTC_d07a1.dir/CheckFunctionExists.c.o
/usr/bin/cc   -std=gnu99 -Wall -Wno-unknown-pragmas  -DCHECK_FUNCTION_EXISTS=opendir -fPIE   -o CMakeFiles/cmTC_d07a1.dir/CheckFunctionExists.c.o   -c /home/bragesk/Downloads/clion-2017.2.4/bin/cmake/share/cmake-3.8/Modules/CheckFunctionExists.c
Linking C executable cmTC_d07a1
/home/bragesk/Downloads/clion-2017.2.4/bin/cmake/bin/cmake -E cmake_link_script CMakeFiles/cmTC_d07a1.dir/link.txt --verbose=1
/usr/bin/cc  -std=gnu99 -Wall -Wno-unknown-pragmas  -DCHECK_FUNCTION_EXISTS=opendir    -rdynamic CMakeFiles/cmTC_d07a1.dir/CheckFunctionExists.c.o  -o cmTC_d07a1 
make[1]: Leaving directory '/home/bragesk/git/PCG/FieldOpt/FieldOpt/CMakeFiles/CMakeTmp'


Determining if the function posix_spawn exists passed with the following output:
Change Dir: /home/bragesk/git/PCG/FieldOpt/FieldOpt/CMakeFiles/CMakeTmp

Run Build Command:"/usr/bin/make" "cmTC_6a8e9/fast"
/usr/bin/make -f CMakeFiles/cmTC_6a8e9.dir/build.make CMakeFiles/cmTC_6a8e9.dir/build
make[1]: Entering directory '/home/bragesk/git/PCG/FieldOpt/FieldOpt/CMakeFiles/CMakeTmp'
Building C object CMakeFiles/cmTC_6a8e9.dir/CheckFunctionExists.c.o
/usr/bin/cc   -std=gnu99 -Wall -Wno-unknown-pragmas  -DCHECK_FUNCTION_EXISTS=posix_spawn -fPIE   -o CMakeFiles/cmTC_6a8e9.dir/CheckFunctionExists.c.o   -c /home/bragesk/Downloads/clion-2017.2.4/bin/cmake/share/cmake-3.8/Modules/CheckFunctionExists.c
Linking C executable cmTC_6a8e9
/home/bragesk/Downloads/clion-2017.2.4/bin/cmake/bin/cmake -E cmake_link_script CMakeFiles/cmTC_6a8e9.dir/link.txt --verbose=1
/usr/bin/cc  -std=gnu99 -Wall -Wno-unknown-pragmas  -DCHECK_FUNCTION_EXISTS=posix_spawn    -rdynamic CMakeFiles/cmTC_6a8e9.dir/CheckFunctionExists.c.o  -o cmTC_6a8e9 
make[1]: Leaving directory '/home/bragesk/git/PCG/FieldOpt/FieldOpt/CMakeFiles/CMakeTmp'


Determining if the function readlinkat exists passed with the following output:
Change Dir: /home/bragesk/git/PCG/FieldOpt/FieldOpt/CMakeFiles/CMakeTmp

Run Build Command:"/usr/bin/make" "cmTC_5916d/fast"
/usr/bin/make -f CMakeFiles/cmTC_5916d.dir/build.make CMakeFiles/cmTC_5916d.dir/build
make[1]: Entering directory '/home/bragesk/git/PCG/FieldOpt/FieldOpt/CMakeFiles/CMakeTmp'
Building C object CMakeFiles/cmTC_5916d.dir/CheckFunctionExists.c.o
/usr/bin/cc   -std=gnu99 -Wall -Wno-unknown-pragmas  -DCHECK_FUNCTION_EXISTS=readlinkat -fPIE   -o CMakeFiles/cmTC_5916d.dir/CheckFunctionExists.c.o   -c /home/bragesk/Downloads/clion-2017.2.4/bin/cmake/share/cmake-3.8/Modules/CheckFunctionExists.c
Linking C executable cmTC_5916d
/home/bragesk/Downloads/clion-2017.2.4/bin/cmake/bin/cmake -E cmake_link_script CMakeFiles/cmTC_5916d.dir/link.txt --verbose=1
/usr/bin/cc  -std=gnu99 -Wall -Wno-unknown-pragmas  -DCHECK_FUNCTION_EXISTS=readlinkat    -rdynamic CMakeFiles/cmTC_5916d.dir/CheckFunctionExists.c.o  -o cmTC_5916d 
make[1]: Leaving directory '/home/bragesk/git/PCG/FieldOpt/FieldOpt/CMakeFiles/CMakeTmp'


Determining if the function realpath exists passed with the following output:
Change Dir: /home/bragesk/git/PCG/FieldOpt/FieldOpt/CMakeFiles/CMakeTmp

Run Build Command:"/usr/bin/make" "cmTC_fbccb/fast"
/usr/bin/make -f CMakeFiles/cmTC_fbccb.dir/build.make CMakeFiles/cmTC_fbccb.dir/build
make[1]: Entering directory '/home/bragesk/git/PCG/FieldOpt/FieldOpt/CMakeFiles/CMakeTmp'
Building C object CMakeFiles/cmTC_fbccb.dir/CheckFunctionExists.c.o
/usr/bin/cc   -std=gnu99 -Wall -Wno-unknown-pragmas  -DCHECK_FUNCTION_EXISTS=realpath -fPIE   -o CMakeFiles/cmTC_fbccb.dir/CheckFunctionExists.c.o   -c /home/bragesk/Downloads/clion-2017.2.4/bin/cmake/share/cmake-3.8/Modules/CheckFunctionExists.c
Linking C executable cmTC_fbccb
/home/bragesk/Downloads/clion-2017.2.4/bin/cmake/bin/cmake -E cmake_link_script CMakeFiles/cmTC_fbccb.dir/link.txt --verbose=1
/usr/bin/cc  -std=gnu99 -Wall -Wno-unknown-pragmas  -DCHECK_FUNCTION_EXISTS=realpath    -rdynamic CMakeFiles/cmTC_fbccb.dir/CheckFunctionExists.c.o  -o cmTC_fbccb 
make[1]: Leaving directory '/home/bragesk/git/PCG/FieldOpt/FieldOpt/CMakeFiles/CMakeTmp'


Determining if the function regexec exists passed with the following output:
Change Dir: /home/bragesk/git/PCG/FieldOpt/FieldOpt/CMakeFiles/CMakeTmp

Run Build Command:"/usr/bin/make" "cmTC_b02e7/fast"
/usr/bin/make -f CMakeFiles/cmTC_b02e7.dir/build.make CMakeFiles/cmTC_b02e7.dir/build
make[1]: Entering directory '/home/bragesk/git/PCG/FieldOpt/FieldOpt/CMakeFiles/CMakeTmp'
Building C object CMakeFiles/cmTC_b02e7.dir/CheckFunctionExists.c.o
/usr/bin/cc   -std=gnu99 -Wall -Wno-unknown-pragmas  -DCHECK_FUNCTION_EXISTS=regexec -fPIE   -o CMakeFiles/cmTC_b02e7.dir/CheckFunctionExists.c.o   -c /home/bragesk/Downloads/clion-2017.2.4/bin/cmake/share/cmake-3.8/Modules/CheckFunctionExists.c
Linking C executable cmTC_b02e7
/home/bragesk/Downloads/clion-2017.2.4/bin/cmake/bin/cmake -E cmake_link_script CMakeFiles/cmTC_b02e7.dir/link.txt --verbose=1
/usr/bin/cc  -std=gnu99 -Wall -Wno-unknown-pragmas  -DCHECK_FUNCTION_EXISTS=regexec    -rdynamic CMakeFiles/cmTC_b02e7.dir/CheckFunctionExists.c.o  -o cmTC_b02e7 
make[1]: Leaving directory '/home/bragesk/git/PCG/FieldOpt/FieldOpt/CMakeFiles/CMakeTmp'


Determining if the function setenv exists passed with the following output:
Change Dir: /home/bragesk/git/PCG/FieldOpt/FieldOpt/CMakeFiles/CMakeTmp

Run Build Command:"/usr/bin/make" "cmTC_10ad3/fast"
/usr/bin/make -f CMakeFiles/cmTC_10ad3.dir/build.make CMakeFiles/cmTC_10ad3.dir/build
make[1]: Entering directory '/home/bragesk/git/PCG/FieldOpt/FieldOpt/CMakeFiles/CMakeTmp'
Building C object CMakeFiles/cmTC_10ad3.dir/CheckFunctionExists.c.o
/usr/bin/cc   -std=gnu99 -Wall -Wno-unknown-pragmas  -DCHECK_FUNCTION_EXISTS=setenv -fPIE   -o CMakeFiles/cmTC_10ad3.dir/CheckFunctionExists.c.o   -c /home/bragesk/Downloads/clion-2017.2.4/bin/cmake/share/cmake-3.8/Modules/CheckFunctionExists.c
Linking C executable cmTC_10ad3
/home/bragesk/Downloads/clion-2017.2.4/bin/cmake/bin/cmake -E cmake_link_script CMakeFiles/cmTC_10ad3.dir/link.txt --verbose=1
/usr/bin/cc  -std=gnu99 -Wall -Wno-unknown-pragmas  -DCHECK_FUNCTION_EXISTS=setenv    -rdynamic CMakeFiles/cmTC_10ad3.dir/CheckFunctionExists.c.o  -o cmTC_10ad3 
make[1]: Leaving directory '/home/bragesk/git/PCG/FieldOpt/FieldOpt/CMakeFiles/CMakeTmp'


Determining if the function symlink exists passed with the following output:
Change Dir: /home/bragesk/git/PCG/FieldOpt/FieldOpt/CMakeFiles/CMakeTmp

Run Build Command:"/usr/bin/make" "cmTC_68a66/fast"
/usr/bin/make -f CMakeFiles/cmTC_68a66.dir/build.make CMakeFiles/cmTC_68a66.dir/build
make[1]: Entering directory '/home/bragesk/git/PCG/FieldOpt/FieldOpt/CMakeFiles/CMakeTmp'
Building C object CMakeFiles/cmTC_68a66.dir/CheckFunctionExists.c.o
/usr/bin/cc   -std=gnu99 -Wall -Wno-unknown-pragmas  -DCHECK_FUNCTION_EXISTS=symlink -fPIE   -o CMakeFiles/cmTC_68a66.dir/CheckFunctionExists.c.o   -c /home/bragesk/Downloads/clion-2017.2.4/bin/cmake/share/cmake-3.8/Modules/CheckFunctionExists.c
Linking C executable cmTC_68a66
/home/bragesk/Downloads/clion-2017.2.4/bin/cmake/bin/cmake -E cmake_link_script CMakeFiles/cmTC_68a66.dir/link.txt --verbose=1
/usr/bin/cc  -std=gnu99 -Wall -Wno-unknown-pragmas  -DCHECK_FUNCTION_EXISTS=symlink    -rdynamic CMakeFiles/cmTC_68a66.dir/CheckFunctionExists.c.o  -o cmTC_68a66 
make[1]: Leaving directory '/home/bragesk/git/PCG/FieldOpt/FieldOpt/CMakeFiles/CMakeTmp'


Determining if the function timegm exists passed with the following output:
Change Dir: /home/bragesk/git/PCG/FieldOpt/FieldOpt/CMakeFiles/CMakeTmp

Run Build Command:"/usr/bin/make" "cmTC_5832a/fast"
/usr/bin/make -f CMakeFiles/cmTC_5832a.dir/build.make CMakeFiles/cmTC_5832a.dir/build
make[1]: Entering directory '/home/bragesk/git/PCG/FieldOpt/FieldOpt/CMakeFiles/CMakeTmp'
Building C object CMakeFiles/cmTC_5832a.dir/CheckFunctionExists.c.o
/usr/bin/cc   -std=gnu99 -Wall -Wno-unknown-pragmas  -DCHECK_FUNCTION_EXISTS=timegm -fPIE   -o CMakeFiles/cmTC_5832a.dir/CheckFunctionExists.c.o   -c /home/bragesk/Downloads/clion-2017.2.4/bin/cmake/share/cmake-3.8/Modules/CheckFunctionExists.c
Linking C executable cmTC_5832a
/home/bragesk/Downloads/clion-2017.2.4/bin/cmake/bin/cmake -E cmake_link_script CMakeFiles/cmTC_5832a.dir/link.txt --verbose=1
/usr/bin/cc  -std=gnu99 -Wall -Wno-unknown-pragmas  -DCHECK_FUNCTION_EXISTS=timegm    -rdynamic CMakeFiles/cmTC_5832a.dir/CheckFunctionExists.c.o  -o cmTC_5832a 
make[1]: Leaving directory '/home/bragesk/git/PCG/FieldOpt/FieldOpt/CMakeFiles/CMakeTmp'


Determining if the function usleep exists passed with the following output:
Change Dir: /home/bragesk/git/PCG/FieldOpt/FieldOpt/CMakeFiles/CMakeTmp

Run Build Command:"/usr/bin/make" "cmTC_e6e50/fast"
/usr/bin/make -f CMakeFiles/cmTC_e6e50.dir/build.make CMakeFiles/cmTC_e6e50.dir/build
make[1]: Entering directory '/home/bragesk/git/PCG/FieldOpt/FieldOpt/CMakeFiles/CMakeTmp'
Building C object CMakeFiles/cmTC_e6e50.dir/CheckFunctionExists.c.o
/usr/bin/cc   -std=gnu99 -Wall -Wno-unknown-pragmas  -DCHECK_FUNCTION_EXISTS=usleep -fPIE   -o CMakeFiles/cmTC_e6e50.dir/CheckFunctionExists.c.o   -c /home/bragesk/Downloads/clion-2017.2.4/bin/cmake/share/cmake-3.8/Modules/CheckFunctionExists.c
Linking C executable cmTC_e6e50
/home/bragesk/Downloads/clion-2017.2.4/bin/cmake/bin/cmake -E cmake_link_script CMakeFiles/cmTC_e6e50.dir/link.txt --verbose=1
/usr/bin/cc  -std=gnu99 -Wall -Wno-unknown-pragmas  -DCHECK_FUNCTION_EXISTS=usleep    -rdynamic CMakeFiles/cmTC_e6e50.dir/CheckFunctionExists.c.o  -o cmTC_e6e50 
make[1]: Leaving directory '/home/bragesk/git/PCG/FieldOpt/FieldOpt/CMakeFiles/CMakeTmp'


Determining if the function unlink exists passed with the following output:
Change Dir: /home/bragesk/git/PCG/FieldOpt/FieldOpt/CMakeFiles/CMakeTmp

Run Build Command:"/usr/bin/make" "cmTC_94881/fast"
/usr/bin/make -f CMakeFiles/cmTC_94881.dir/build.make CMakeFiles/cmTC_94881.dir/build
make[1]: Entering directory '/home/bragesk/git/PCG/FieldOpt/FieldOpt/CMakeFiles/CMakeTmp'
Building C object CMakeFiles/cmTC_94881.dir/CheckFunctionExists.c.o
/usr/bin/cc   -std=gnu99 -Wall -Wno-unknown-pragmas  -DCHECK_FUNCTION_EXISTS=unlink -fPIE   -o CMakeFiles/cmTC_94881.dir/CheckFunctionExists.c.o   -c /home/bragesk/Downloads/clion-2017.2.4/bin/cmake/share/cmake-3.8/Modules/CheckFunctionExists.c
Linking C executable cmTC_94881
/home/bragesk/Downloads/clion-2017.2.4/bin/cmake/bin/cmake -E cmake_link_script CMakeFiles/cmTC_94881.dir/link.txt --verbose=1
/usr/bin/cc  -std=gnu99 -Wall -Wno-unknown-pragmas  -DCHECK_FUNCTION_EXISTS=unlink    -rdynamic CMakeFiles/cmTC_94881.dir/CheckFunctionExists.c.o  -o cmTC_94881 
make[1]: Leaving directory '/home/bragesk/git/PCG/FieldOpt/FieldOpt/CMakeFiles/CMakeTmp'


Determining if the tzname exist passed with the following output:
Change Dir: /home/bragesk/git/PCG/FieldOpt/FieldOpt/CMakeFiles/CMakeTmp

Run Build Command:"/usr/bin/make" "cmTC_588c7/fast"
/usr/bin/make -f CMakeFiles/cmTC_588c7.dir/build.make CMakeFiles/cmTC_588c7.dir/build
make[1]: Entering directory '/home/bragesk/git/PCG/FieldOpt/FieldOpt/CMakeFiles/CMakeTmp'
Building C object CMakeFiles/cmTC_588c7.dir/CheckSymbolExists.c.o
/usr/bin/cc   -std=gnu99 -Wall -Wno-unknown-pragmas   -fPIE   -o CMakeFiles/cmTC_588c7.dir/CheckSymbolExists.c.o   -c /home/bragesk/git/PCG/FieldOpt/FieldOpt/CMakeFiles/CMakeTmp/CheckSymbolExists.c
Linking C executable cmTC_588c7
/home/bragesk/Downloads/clion-2017.2.4/bin/cmake/bin/cmake -E cmake_link_script CMakeFiles/cmTC_588c7.dir/link.txt --verbose=1
/usr/bin/cc  -std=gnu99 -Wall -Wno-unknown-pragmas      -rdynamic CMakeFiles/cmTC_588c7.dir/CheckSymbolExists.c.o  -o cmTC_588c7 
make[1]: Leaving directory '/home/bragesk/git/PCG/FieldOpt/FieldOpt/CMakeFiles/CMakeTmp'

File /home/bragesk/git/PCG/FieldOpt/FieldOpt/CMakeFiles/CMakeTmp/CheckSymbolExists.c:
/* */
#include <time.h>

int main(int argc, char** argv)
{
  (void)argv;
#ifndef tzname
  return ((int*)(&tzname))[argc];
#else
  (void)argc;
  return 0;
#endif
}

Determining if the include file execinfo.h exists passed with the following output:
Change Dir: /home/bragesk/git/PCG/FieldOpt/FieldOpt/CMakeFiles/CMakeTmp

Run Build Command:"/usr/bin/make" "cmTC_ec877/fast"
/usr/bin/make -f CMakeFiles/cmTC_ec877.dir/build.make CMakeFiles/cmTC_ec877.dir/build
make[1]: Entering directory '/home/bragesk/git/PCG/FieldOpt/FieldOpt/CMakeFiles/CMakeTmp'
Building C object CMakeFiles/cmTC_ec877.dir/CheckIncludeFile.c.o
/usr/bin/cc   -std=gnu99 -Wall -Wno-unknown-pragmas   -fPIE   -o CMakeFiles/cmTC_ec877.dir/CheckIncludeFile.c.o   -c /home/bragesk/git/PCG/FieldOpt/FieldOpt/CMakeFiles/CMakeTmp/CheckIncludeFile.c
Linking C executable cmTC_ec877
/home/bragesk/Downloads/clion-2017.2.4/bin/cmake/bin/cmake -E cmake_link_script CMakeFiles/cmTC_ec877.dir/link.txt --verbose=1
/usr/bin/cc  -std=gnu99 -Wall -Wno-unknown-pragmas      -rdynamic CMakeFiles/cmTC_ec877.dir/CheckIncludeFile.c.o  -o cmTC_ec877 
make[1]: Leaving directory '/home/bragesk/git/PCG/FieldOpt/FieldOpt/CMakeFiles/CMakeTmp'


Determining if the include file getopt.h exists passed with the following output:
Change Dir: /home/bragesk/git/PCG/FieldOpt/FieldOpt/CMakeFiles/CMakeTmp

Run Build Command:"/usr/bin/make" "cmTC_6dbed/fast"
/usr/bin/make -f CMakeFiles/cmTC_6dbed.dir/build.make CMakeFiles/cmTC_6dbed.dir/build
make[1]: Entering directory '/home/bragesk/git/PCG/FieldOpt/FieldOpt/CMakeFiles/CMakeTmp'
Building C object CMakeFiles/cmTC_6dbed.dir/CheckIncludeFile.c.o
/usr/bin/cc   -std=gnu99 -Wall -Wno-unknown-pragmas   -fPIE   -o CMakeFiles/cmTC_6dbed.dir/CheckIncludeFile.c.o   -c /home/bragesk/git/PCG/FieldOpt/FieldOpt/CMakeFiles/CMakeTmp/CheckIncludeFile.c
Linking C executable cmTC_6dbed
/home/bragesk/Downloads/clion-2017.2.4/bin/cmake/bin/cmake -E cmake_link_script CMakeFiles/cmTC_6dbed.dir/link.txt --verbose=1
/usr/bin/cc  -std=gnu99 -Wall -Wno-unknown-pragmas      -rdynamic CMakeFiles/cmTC_6dbed.dir/CheckIncludeFile.c.o  -o cmTC_6dbed 
make[1]: Leaving directory '/home/bragesk/git/PCG/FieldOpt/FieldOpt/CMakeFiles/CMakeTmp'


Determining if the include file unistd.h exists passed with the following output:
Change Dir: /home/bragesk/git/PCG/FieldOpt/FieldOpt/CMakeFiles/CMakeTmp

Run Build Command:"/usr/bin/make" "cmTC_d4a4e/fast"
/usr/bin/make -f CMakeFiles/cmTC_d4a4e.dir/build.make CMakeFiles/cmTC_d4a4e.dir/build
make[1]: Entering directory '/home/bragesk/git/PCG/FieldOpt/FieldOpt/CMakeFiles/CMakeTmp'
Building C object CMakeFiles/cmTC_d4a4e.dir/CheckIncludeFile.c.o
/usr/bin/cc   -std=gnu99 -Wall -Wno-unknown-pragmas   -fPIE   -o CMakeFiles/cmTC_d4a4e.dir/CheckIncludeFile.c.o   -c /home/bragesk/git/PCG/FieldOpt/FieldOpt/CMakeFiles/CMakeTmp/CheckIncludeFile.c
Linking C executable cmTC_d4a4e
/home/bragesk/Downloads/clion-2017.2.4/bin/cmake/bin/cmake -E cmake_link_script CMakeFiles/cmTC_d4a4e.dir/link.txt --verbose=1
/usr/bin/cc  -std=gnu99 -Wall -Wno-unknown-pragmas      -rdynamic CMakeFiles/cmTC_d4a4e.dir/CheckIncludeFile.c.o  -o cmTC_d4a4e 
make[1]: Leaving directory '/home/bragesk/git/PCG/FieldOpt/FieldOpt/CMakeFiles/CMakeTmp'


Determining if the include file netinet/in.h exists passed with the following output:
Change Dir: /home/bragesk/git/PCG/FieldOpt/FieldOpt/CMakeFiles/CMakeTmp

Run Build Command:"/usr/bin/make" "cmTC_38acb/fast"
/usr/bin/make -f CMakeFiles/cmTC_38acb.dir/build.make CMakeFiles/cmTC_38acb.dir/build
make[1]: Entering directory '/home/bragesk/git/PCG/FieldOpt/FieldOpt/CMakeFiles/CMakeTmp'
Building C object CMakeFiles/cmTC_38acb.dir/CheckIncludeFile.c.o
/usr/bin/cc   -std=gnu99 -Wall -Wno-unknown-pragmas   -fPIE   -o CMakeFiles/cmTC_38acb.dir/CheckIncludeFile.c.o   -c /home/bragesk/git/PCG/FieldOpt/FieldOpt/CMakeFiles/CMakeTmp/CheckIncludeFile.c
Linking C executable cmTC_38acb
/home/bragesk/Downloads/clion-2017.2.4/bin/cmake/bin/cmake -E cmake_link_script CMakeFiles/cmTC_38acb.dir/link.txt --verbose=1
/usr/bin/cc  -std=gnu99 -Wall -Wno-unknown-pragmas      -rdynamic CMakeFiles/cmTC_38acb.dir/CheckIncludeFile.c.o  -o cmTC_38acb 
make[1]: Leaving directory '/home/bragesk/git/PCG/FieldOpt/FieldOpt/CMakeFiles/CMakeTmp'


Determining if the include file arpa/inet.h exists passed with the following output:
Change Dir: /home/bragesk/git/PCG/FieldOpt/FieldOpt/CMakeFiles/CMakeTmp

Run Build Command:"/usr/bin/make" "cmTC_04311/fast"
/usr/bin/make -f CMakeFiles/cmTC_04311.dir/build.make CMakeFiles/cmTC_04311.dir/build
make[1]: Entering directory '/home/bragesk/git/PCG/FieldOpt/FieldOpt/CMakeFiles/CMakeTmp'
Building C object CMakeFiles/cmTC_04311.dir/CheckIncludeFile.c.o
/usr/bin/cc   -std=gnu99 -Wall -Wno-unknown-pragmas   -fPIE   -o CMakeFiles/cmTC_04311.dir/CheckIncludeFile.c.o   -c /home/bragesk/git/PCG/FieldOpt/FieldOpt/CMakeFiles/CMakeTmp/CheckIncludeFile.c
Linking C executable cmTC_04311
/home/bragesk/Downloads/clion-2017.2.4/bin/cmake/bin/cmake -E cmake_link_script CMakeFiles/cmTC_04311.dir/link.txt --verbose=1
/usr/bin/cc  -std=gnu99 -Wall -Wno-unknown-pragmas      -rdynamic CMakeFiles/cmTC_04311.dir/CheckIncludeFile.c.o  -o cmTC_04311 
make[1]: Leaving directory '/home/bragesk/git/PCG/FieldOpt/FieldOpt/CMakeFiles/CMakeTmp'


